2020-04-06 00:17:55,200 INFO  16232 --- [SpringContextShutdownHook] org.springframework.scheduling.concurrent.ExecutorConfigurationSupport.shutdown/218 : Shutting down ExecutorService 'applicationTaskExecutor'
2020-04-06 00:17:55,228 INFO  16232 --- [SpringContextShutdownHook] com.zaxxer.hikari.HikariDataSource.close/350 : HikariPool-1 - Shutdown initiated...
2020-04-06 00:17:55,255 INFO  16232 --- [SpringContextShutdownHook] com.zaxxer.hikari.HikariDataSource.close/352 : HikariPool-1 - Shutdown completed.
2020-04-06 00:18:11,010 INFO  6964 --- [main] org.springframework.boot.StartupInfoLogger.logStarting/55 : Starting HospitalApplication on DESKTOP-HQCJC2V with PID 6964 (D:\IDEAWork\hospital\target\classes started by lenovo in D:\IDEAWork\hospital)
2020-04-06 00:18:11,014 INFO  6964 --- [main] org.springframework.boot.SpringApplication.logStartupProfileInfo/651 : No active profile set, falling back to default profiles: default
2020-04-06 00:18:12,368 WARN  6964 --- [main] org.mybatis.logging.Logger.warn/44 : No MyBatis mapper was found in '[com.aokai.hospital]' package. Please check your configuration.
2020-04-06 00:18:12,982 INFO  6964 --- [main] org.springframework.boot.web.embedded.tomcat.TomcatWebServer.initialize/92 : Tomcat initialized with port(s): 8081 (http)
2020-04-06 00:18:12,995 INFO  6964 --- [main] org.apache.juli.logging.DirectJDKLog.log/173 : Initializing ProtocolHandler ["http-nio-8081"]
2020-04-06 00:18:12,996 INFO  6964 --- [main] org.apache.juli.logging.DirectJDKLog.log/173 : Starting service [Tomcat]
2020-04-06 00:18:12,997 INFO  6964 --- [main] org.apache.juli.logging.DirectJDKLog.log/173 : Starting Servlet engine: [Apache Tomcat/9.0.33]
2020-04-06 00:18:13,144 INFO  6964 --- [main] org.apache.juli.logging.DirectJDKLog.log/173 : Initializing Spring embedded WebApplicationContext
2020-04-06 00:18:13,145 INFO  6964 --- [main] org.springframework.boot.web.servlet.context.ServletWebServerApplicationContext.prepareWebApplicationContext/284 : Root WebApplicationContext: initialization completed in 1907 ms
2020-04-06 00:18:14,341 INFO  6964 --- [main] org.springframework.scheduling.concurrent.ExecutorConfigurationSupport.initialize/181 : Initializing ExecutorService 'applicationTaskExecutor'
2020-04-06 00:18:14,471 INFO  6964 --- [main] tk.mybatis.mapper.autoconfigure.MapperCacheDisabler.removeStaticCache/60 : Clear tk.mybatis.mapper.util.MsUtil CLASS_CACHE cache.
2020-04-06 00:18:14,472 INFO  6964 --- [main] tk.mybatis.mapper.autoconfigure.MapperCacheDisabler.removeStaticCache/60 : Clear tk.mybatis.mapper.genid.GenIdUtil CACHE cache.
2020-04-06 00:18:14,473 INFO  6964 --- [main] tk.mybatis.mapper.autoconfigure.MapperCacheDisabler.removeStaticCache/60 : Clear tk.mybatis.mapper.version.VersionUtil CACHE cache.
2020-04-06 00:18:14,474 INFO  6964 --- [main] tk.mybatis.mapper.autoconfigure.MapperCacheDisabler.removeEntityHelperCache/83 : Clear EntityHelper entityTableMap cache.
2020-04-06 00:18:14,657 INFO  6964 --- [main] org.apache.juli.logging.DirectJDKLog.log/173 : Starting ProtocolHandler ["http-nio-8081"]
2020-04-06 00:18:14,692 INFO  6964 --- [main] org.springframework.boot.web.embedded.tomcat.TomcatWebServer.start/204 : Tomcat started on port(s): 8081 (http) with context path ''
2020-04-06 00:18:14,696 INFO  6964 --- [main] org.springframework.boot.StartupInfoLogger.logStarted/61 : Started HospitalApplication in 4.634 seconds (JVM running for 5.939)
2020-04-06 00:21:12,018 INFO  6964 --- [http-nio-8081-exec-2] org.apache.juli.logging.DirectJDKLog.log/173 : Initializing Spring DispatcherServlet 'dispatcherServlet'
2020-04-06 00:21:12,019 INFO  6964 --- [http-nio-8081-exec-2] org.springframework.web.servlet.FrameworkServlet.initServletBean/525 : Initializing Servlet 'dispatcherServlet'
2020-04-06 00:21:12,029 INFO  6964 --- [http-nio-8081-exec-2] org.springframework.web.servlet.FrameworkServlet.initServletBean/547 : Completed initialization in 10 ms
2020-04-06 00:21:12,100 WARN  6964 --- [http-nio-8081-exec-2] org.springframework.web.servlet.handler.AbstractHandlerExceptionResolver.logException/199 : Resolved [org.springframework.web.HttpMediaTypeNotSupportedException: Content type 'application/x-www-form-urlencoded;charset=UTF-8' not supported]
2020-04-06 00:22:03,724 WARN  6964 --- [http-nio-8081-exec-1] org.springframework.web.servlet.handler.AbstractHandlerExceptionResolver.logException/199 : Resolved [org.springframework.http.converter.HttpMessageNotReadableException: JSON parse error: Unexpected character ('=' (code 61)): was expecting a colon to separate field name and value; nested exception is com.fasterxml.jackson.core.JsonParseException: Unexpected character ('=' (code 61)): was expecting a colon to separate field name and value
 at [Source: (PushbackInputStream); line: 2, column: 14]]
2020-04-06 00:22:38,188 INFO  6964 --- [http-nio-8081-exec-4] com.zaxxer.hikari.HikariDataSource.getConnection/110 : HikariPool-1 - Starting...
2020-04-06 00:22:38,788 INFO  6964 --- [http-nio-8081-exec-4] com.zaxxer.hikari.HikariDataSource.getConnection/123 : HikariPool-1 - Start completed.
2020-04-06 00:22:38,797 DEBUG 6964 --- [http-nio-8081-exec-4] org.apache.ibatis.logging.jdbc.BaseJdbcLogger.debug/143 : ==>  Preparing: select * from patient where account = ? 
2020-04-06 00:22:38,831 DEBUG 6964 --- [http-nio-8081-exec-4] org.apache.ibatis.logging.jdbc.BaseJdbcLogger.debug/143 : ==> Parameters: aaaa(String)
2020-04-06 00:22:38,898 DEBUG 6964 --- [http-nio-8081-exec-4] org.apache.ibatis.logging.jdbc.BaseJdbcLogger.debug/143 : <==      Total: 0
2020-04-06 00:22:38,910 DEBUG 6964 --- [http-nio-8081-exec-4] org.apache.ibatis.logging.jdbc.BaseJdbcLogger.debug/143 : ==>  Preparing: select * from patient where email = ?; 
2020-04-06 00:22:38,911 DEBUG 6964 --- [http-nio-8081-exec-4] org.apache.ibatis.logging.jdbc.BaseJdbcLogger.debug/143 : ==> Parameters: aaa@ada.com(String)
2020-04-06 00:22:38,946 DEBUG 6964 --- [http-nio-8081-exec-4] org.apache.ibatis.logging.jdbc.BaseJdbcLogger.debug/143 : <==      Total: 0
2020-04-06 00:22:38,982 DEBUG 6964 --- [http-nio-8081-exec-4] org.apache.ibatis.logging.jdbc.BaseJdbcLogger.debug/143 : ==>  Preparing: INSERT INTO patient ( pid,account,email,password,name,integrity ) VALUES( ?,?,?,?,?,? ) 
2020-04-06 00:22:38,983 DEBUG 6964 --- [http-nio-8081-exec-4] org.apache.ibatis.logging.jdbc.BaseJdbcLogger.debug/143 : ==> Parameters: null, aaaa(String), aaa@ada.com(String), (String), abc(String), 100(Byte)
2020-04-06 00:22:39,073 DEBUG 6964 --- [http-nio-8081-exec-4] org.apache.ibatis.logging.jdbc.BaseJdbcLogger.debug/143 : <==    Updates: 1
2020-04-06 00:23:14,388 DEBUG 6964 --- [http-nio-8081-exec-3] org.apache.ibatis.logging.jdbc.BaseJdbcLogger.debug/143 : ==>  Preparing: select * from patient where account = ? 
2020-04-06 00:23:14,389 DEBUG 6964 --- [http-nio-8081-exec-3] org.apache.ibatis.logging.jdbc.BaseJdbcLogger.debug/143 : ==> Parameters: aaaa(String)
2020-04-06 00:23:14,424 DEBUG 6964 --- [http-nio-8081-exec-3] org.apache.ibatis.logging.jdbc.BaseJdbcLogger.debug/143 : <==      Total: 1
2020-04-06 00:23:17,192 DEBUG 6964 --- [http-nio-8081-exec-5] org.apache.ibatis.logging.jdbc.BaseJdbcLogger.debug/143 : ==>  Preparing: select * from patient where account = ? 
2020-04-06 00:23:17,193 DEBUG 6964 --- [http-nio-8081-exec-5] org.apache.ibatis.logging.jdbc.BaseJdbcLogger.debug/143 : ==> Parameters: aaaa(String)
2020-04-06 00:23:17,225 DEBUG 6964 --- [http-nio-8081-exec-5] org.apache.ibatis.logging.jdbc.BaseJdbcLogger.debug/143 : <==      Total: 1
2020-04-06 00:23:22,360 DEBUG 6964 --- [http-nio-8081-exec-6] org.apache.ibatis.logging.jdbc.BaseJdbcLogger.debug/143 : ==>  Preparing: select * from patient where account = ? 
2020-04-06 00:23:22,361 DEBUG 6964 --- [http-nio-8081-exec-6] org.apache.ibatis.logging.jdbc.BaseJdbcLogger.debug/143 : ==> Parameters: 22(String)
2020-04-06 00:23:22,397 DEBUG 6964 --- [http-nio-8081-exec-6] org.apache.ibatis.logging.jdbc.BaseJdbcLogger.debug/143 : <==      Total: 0
2020-04-06 00:23:22,399 DEBUG 6964 --- [http-nio-8081-exec-6] org.apache.ibatis.logging.jdbc.BaseJdbcLogger.debug/143 : ==>  Preparing: select * from patient where email = ?; 
2020-04-06 00:23:22,400 DEBUG 6964 --- [http-nio-8081-exec-6] org.apache.ibatis.logging.jdbc.BaseJdbcLogger.debug/143 : ==> Parameters: aaa@ada.com(String)
2020-04-06 00:23:22,436 DEBUG 6964 --- [http-nio-8081-exec-6] org.apache.ibatis.logging.jdbc.BaseJdbcLogger.debug/143 : <==      Total: 1
2020-04-06 00:23:27,421 DEBUG 6964 --- [http-nio-8081-exec-7] org.apache.ibatis.logging.jdbc.BaseJdbcLogger.debug/143 : ==>  Preparing: select * from patient where account = ? 
2020-04-06 00:23:27,422 DEBUG 6964 --- [http-nio-8081-exec-7] org.apache.ibatis.logging.jdbc.BaseJdbcLogger.debug/143 : ==> Parameters: aaa(String)
2020-04-06 00:23:27,455 DEBUG 6964 --- [http-nio-8081-exec-7] org.apache.ibatis.logging.jdbc.BaseJdbcLogger.debug/143 : <==      Total: 0
2020-04-06 00:23:27,457 DEBUG 6964 --- [http-nio-8081-exec-7] org.apache.ibatis.logging.jdbc.BaseJdbcLogger.debug/143 : ==>  Preparing: select * from patient where email = ?; 
2020-04-06 00:23:27,457 DEBUG 6964 --- [http-nio-8081-exec-7] org.apache.ibatis.logging.jdbc.BaseJdbcLogger.debug/143 : ==> Parameters: aaa@ada.com(String)
2020-04-06 00:23:27,492 DEBUG 6964 --- [http-nio-8081-exec-7] org.apache.ibatis.logging.jdbc.BaseJdbcLogger.debug/143 : <==      Total: 1
2020-04-06 00:23:29,844 DEBUG 6964 --- [http-nio-8081-exec-8] org.apache.ibatis.logging.jdbc.BaseJdbcLogger.debug/143 : ==>  Preparing: select * from patient where account = ? 
2020-04-06 00:23:29,845 DEBUG 6964 --- [http-nio-8081-exec-8] org.apache.ibatis.logging.jdbc.BaseJdbcLogger.debug/143 : ==> Parameters: aaa(String)
2020-04-06 00:23:29,878 DEBUG 6964 --- [http-nio-8081-exec-8] org.apache.ibatis.logging.jdbc.BaseJdbcLogger.debug/143 : <==      Total: 0
2020-04-06 00:23:29,879 DEBUG 6964 --- [http-nio-8081-exec-8] org.apache.ibatis.logging.jdbc.BaseJdbcLogger.debug/143 : ==>  Preparing: select * from patient where email = ?; 
2020-04-06 00:23:29,881 DEBUG 6964 --- [http-nio-8081-exec-8] org.apache.ibatis.logging.jdbc.BaseJdbcLogger.debug/143 : ==> Parameters: aaa@ada.com(String)
2020-04-06 00:23:29,916 DEBUG 6964 --- [http-nio-8081-exec-8] org.apache.ibatis.logging.jdbc.BaseJdbcLogger.debug/143 : <==      Total: 1
2020-04-06 00:23:32,184 DEBUG 6964 --- [http-nio-8081-exec-9] org.apache.ibatis.logging.jdbc.BaseJdbcLogger.debug/143 : ==>  Preparing: select * from patient where account = ? 
2020-04-06 00:23:32,185 DEBUG 6964 --- [http-nio-8081-exec-9] org.apache.ibatis.logging.jdbc.BaseJdbcLogger.debug/143 : ==> Parameters: aaaa(String)
2020-04-06 00:23:32,219 DEBUG 6964 --- [http-nio-8081-exec-9] org.apache.ibatis.logging.jdbc.BaseJdbcLogger.debug/143 : <==      Total: 1
2020-04-06 00:25:12,171 INFO  6964 --- [SpringContextShutdownHook] org.springframework.scheduling.concurrent.ExecutorConfigurationSupport.shutdown/218 : Shutting down ExecutorService 'applicationTaskExecutor'
2020-04-06 00:25:12,172 INFO  6964 --- [SpringContextShutdownHook] com.zaxxer.hikari.HikariDataSource.close/350 : HikariPool-1 - Shutdown initiated...
2020-04-06 00:25:12,185 INFO  6964 --- [SpringContextShutdownHook] com.zaxxer.hikari.HikariDataSource.close/352 : HikariPool-1 - Shutdown completed.
2020-04-06 11:44:42,548 INFO  14240 --- [main] org.springframework.boot.StartupInfoLogger.logStarting/55 : Starting HospitalApplication on DESKTOP-HQCJC2V with PID 14240 (D:\IDEAWork\hospital\target\classes started by lenovo in D:\IDEAWork\hospital)
2020-04-06 11:44:42,554 INFO  14240 --- [main] org.springframework.boot.SpringApplication.logStartupProfileInfo/651 : No active profile set, falling back to default profiles: default
2020-04-06 11:44:43,502 WARN  14240 --- [main] org.mybatis.logging.Logger.warn/44 : No MyBatis mapper was found in '[com.aokai.hospital]' package. Please check your configuration.
2020-04-06 11:44:43,997 INFO  14240 --- [main] org.springframework.boot.web.embedded.tomcat.TomcatWebServer.initialize/92 : Tomcat initialized with port(s): 8081 (http)
2020-04-06 11:44:44,011 INFO  14240 --- [main] org.apache.juli.logging.DirectJDKLog.log/173 : Initializing ProtocolHandler ["http-nio-8081"]
2020-04-06 11:44:44,012 INFO  14240 --- [main] org.apache.juli.logging.DirectJDKLog.log/173 : Starting service [Tomcat]
2020-04-06 11:44:44,012 INFO  14240 --- [main] org.apache.juli.logging.DirectJDKLog.log/173 : Starting Servlet engine: [Apache Tomcat/9.0.33]
2020-04-06 11:44:44,155 INFO  14240 --- [main] org.apache.juli.logging.DirectJDKLog.log/173 : Initializing Spring embedded WebApplicationContext
2020-04-06 11:44:44,156 INFO  14240 --- [main] org.springframework.boot.web.servlet.context.ServletWebServerApplicationContext.prepareWebApplicationContext/284 : Root WebApplicationContext: initialization completed in 1476 ms
2020-04-06 11:44:45,178 INFO  14240 --- [main] org.springframework.scheduling.concurrent.ExecutorConfigurationSupport.initialize/181 : Initializing ExecutorService 'applicationTaskExecutor'
2020-04-06 11:44:45,350 INFO  14240 --- [main] tk.mybatis.mapper.autoconfigure.MapperCacheDisabler.removeStaticCache/60 : Clear tk.mybatis.mapper.util.MsUtil CLASS_CACHE cache.
2020-04-06 11:44:45,351 INFO  14240 --- [main] tk.mybatis.mapper.autoconfigure.MapperCacheDisabler.removeStaticCache/60 : Clear tk.mybatis.mapper.genid.GenIdUtil CACHE cache.
2020-04-06 11:44:45,352 INFO  14240 --- [main] tk.mybatis.mapper.autoconfigure.MapperCacheDisabler.removeStaticCache/60 : Clear tk.mybatis.mapper.version.VersionUtil CACHE cache.
2020-04-06 11:44:45,352 INFO  14240 --- [main] tk.mybatis.mapper.autoconfigure.MapperCacheDisabler.removeEntityHelperCache/83 : Clear EntityHelper entityTableMap cache.
2020-04-06 11:44:45,469 INFO  14240 --- [main] org.apache.juli.logging.DirectJDKLog.log/173 : Starting ProtocolHandler ["http-nio-8081"]
2020-04-06 11:44:45,504 INFO  14240 --- [main] org.springframework.boot.web.embedded.tomcat.TomcatWebServer.start/204 : Tomcat started on port(s): 8081 (http) with context path ''
2020-04-06 11:44:45,508 INFO  14240 --- [main] org.springframework.boot.StartupInfoLogger.logStarted/61 : Started HospitalApplication in 3.851 seconds (JVM running for 5.155)
2020-04-06 11:45:01,029 INFO  14240 --- [SpringContextShutdownHook] org.springframework.scheduling.concurrent.ExecutorConfigurationSupport.shutdown/218 : Shutting down ExecutorService 'applicationTaskExecutor'
2020-04-06 11:45:07,639 INFO  4760 --- [main] org.springframework.boot.StartupInfoLogger.logStarting/55 : Starting HospitalApplication on DESKTOP-HQCJC2V with PID 4760 (D:\IDEAWork\hospital\target\classes started by lenovo in D:\IDEAWork\hospital)
2020-04-06 11:45:07,644 INFO  4760 --- [main] org.springframework.boot.SpringApplication.logStartupProfileInfo/651 : No active profile set, falling back to default profiles: default
2020-04-06 11:45:08,801 WARN  4760 --- [main] org.mybatis.logging.Logger.warn/44 : No MyBatis mapper was found in '[com.aokai.hospital]' package. Please check your configuration.
2020-04-06 11:45:09,612 INFO  4760 --- [main] org.springframework.boot.web.embedded.tomcat.TomcatWebServer.initialize/92 : Tomcat initialized with port(s): 8081 (http)
2020-04-06 11:45:09,622 INFO  4760 --- [main] org.apache.juli.logging.DirectJDKLog.log/173 : Initializing ProtocolHandler ["http-nio-8081"]
2020-04-06 11:45:09,623 INFO  4760 --- [main] org.apache.juli.logging.DirectJDKLog.log/173 : Starting service [Tomcat]
2020-04-06 11:45:09,624 INFO  4760 --- [main] org.apache.juli.logging.DirectJDKLog.log/173 : Starting Servlet engine: [Apache Tomcat/9.0.33]
2020-04-06 11:45:09,751 INFO  4760 --- [main] org.apache.juli.logging.DirectJDKLog.log/173 : Initializing Spring embedded WebApplicationContext
2020-04-06 11:45:09,752 INFO  4760 --- [main] org.springframework.boot.web.servlet.context.ServletWebServerApplicationContext.prepareWebApplicationContext/284 : Root WebApplicationContext: initialization completed in 1897 ms
2020-04-06 11:45:10,799 INFO  4760 --- [main] org.springframework.scheduling.concurrent.ExecutorConfigurationSupport.initialize/181 : Initializing ExecutorService 'applicationTaskExecutor'
2020-04-06 11:45:10,953 INFO  4760 --- [main] tk.mybatis.mapper.autoconfigure.MapperCacheDisabler.removeStaticCache/60 : Clear tk.mybatis.mapper.util.MsUtil CLASS_CACHE cache.
2020-04-06 11:45:10,954 INFO  4760 --- [main] tk.mybatis.mapper.autoconfigure.MapperCacheDisabler.removeStaticCache/60 : Clear tk.mybatis.mapper.genid.GenIdUtil CACHE cache.
2020-04-06 11:45:10,955 INFO  4760 --- [main] tk.mybatis.mapper.autoconfigure.MapperCacheDisabler.removeStaticCache/60 : Clear tk.mybatis.mapper.version.VersionUtil CACHE cache.
2020-04-06 11:45:10,955 INFO  4760 --- [main] tk.mybatis.mapper.autoconfigure.MapperCacheDisabler.removeEntityHelperCache/83 : Clear EntityHelper entityTableMap cache.
2020-04-06 11:45:11,067 INFO  4760 --- [main] org.apache.juli.logging.DirectJDKLog.log/173 : Starting ProtocolHandler ["http-nio-8081"]
2020-04-06 11:45:11,097 INFO  4760 --- [main] org.springframework.boot.web.embedded.tomcat.TomcatWebServer.start/204 : Tomcat started on port(s): 8081 (http) with context path ''
2020-04-06 11:45:11,100 INFO  4760 --- [main] org.springframework.boot.StartupInfoLogger.logStarted/61 : Started HospitalApplication in 4.222 seconds (JVM running for 5.532)
2020-04-06 11:46:52,130 INFO  4760 --- [http-nio-8081-exec-2] org.apache.juli.logging.DirectJDKLog.log/173 : Initializing Spring DispatcherServlet 'dispatcherServlet'
2020-04-06 11:46:52,130 INFO  4760 --- [http-nio-8081-exec-2] org.springframework.web.servlet.FrameworkServlet.initServletBean/525 : Initializing Servlet 'dispatcherServlet'
2020-04-06 11:46:52,141 INFO  4760 --- [http-nio-8081-exec-2] org.springframework.web.servlet.FrameworkServlet.initServletBean/547 : Completed initialization in 11 ms
2020-04-06 11:46:52,213 WARN  4760 --- [http-nio-8081-exec-2] org.springframework.web.servlet.handler.AbstractHandlerExceptionResolver.logException/199 : Resolved [org.springframework.web.HttpMediaTypeNotSupportedException: Content type 'application/x-www-form-urlencoded;charset=UTF-8' not supported]
2020-04-06 11:47:54,515 INFO  4760 --- [http-nio-8081-exec-4] com.zaxxer.hikari.HikariDataSource.getConnection/110 : HikariPool-1 - Starting...
2020-04-06 11:47:55,162 INFO  4760 --- [http-nio-8081-exec-4] com.zaxxer.hikari.HikariDataSource.getConnection/123 : HikariPool-1 - Start completed.
2020-04-06 11:47:55,170 DEBUG 4760 --- [http-nio-8081-exec-4] org.apache.ibatis.logging.jdbc.BaseJdbcLogger.debug/143 : ==>  Preparing: select * from admin where account = ? and password = ? 
2020-04-06 11:47:55,212 DEBUG 4760 --- [http-nio-8081-exec-4] org.apache.ibatis.logging.jdbc.BaseJdbcLogger.debug/143 : ==> Parameters: 1111(String), (String)
2020-04-06 11:47:55,280 DEBUG 4760 --- [http-nio-8081-exec-4] org.apache.ibatis.logging.jdbc.BaseJdbcLogger.debug/143 : <==      Total: 0
2020-04-06 11:48:03,672 DEBUG 4760 --- [http-nio-8081-exec-6] org.apache.ibatis.logging.jdbc.BaseJdbcLogger.debug/143 : ==>  Preparing: select * from admin where account = ? and password = ? 
2020-04-06 11:48:03,673 DEBUG 4760 --- [http-nio-8081-exec-6] org.apache.ibatis.logging.jdbc.BaseJdbcLogger.debug/143 : ==> Parameters: 1111(String), (String)
2020-04-06 11:48:03,723 DEBUG 4760 --- [http-nio-8081-exec-6] org.apache.ibatis.logging.jdbc.BaseJdbcLogger.debug/143 : <==      Total: 0
2020-04-06 11:48:13,819 DEBUG 4760 --- [http-nio-8081-exec-5] org.apache.ibatis.logging.jdbc.BaseJdbcLogger.debug/143 : ==>  Preparing: select * from admin where account = ? and password = ? 
2020-04-06 11:48:13,820 DEBUG 4760 --- [http-nio-8081-exec-5] org.apache.ibatis.logging.jdbc.BaseJdbcLogger.debug/143 : ==> Parameters: 1111(String), (String)
2020-04-06 11:48:13,886 DEBUG 4760 --- [http-nio-8081-exec-5] org.apache.ibatis.logging.jdbc.BaseJdbcLogger.debug/143 : <==      Total: 0
2020-04-06 12:02:39,262 INFO  4760 --- [SpringContextShutdownHook] org.springframework.scheduling.concurrent.ExecutorConfigurationSupport.shutdown/218 : Shutting down ExecutorService 'applicationTaskExecutor'
2020-04-06 12:02:39,263 INFO  4760 --- [SpringContextShutdownHook] com.zaxxer.hikari.HikariDataSource.close/350 : HikariPool-1 - Shutdown initiated...
2020-04-06 12:02:39,278 INFO  4760 --- [SpringContextShutdownHook] com.zaxxer.hikari.HikariDataSource.close/352 : HikariPool-1 - Shutdown completed.
2020-04-06 12:02:46,710 INFO  13628 --- [main] org.springframework.boot.StartupInfoLogger.logStarting/55 : Starting HospitalApplication on DESKTOP-HQCJC2V with PID 13628 (D:\IDEAWork\hospital\target\classes started by lenovo in D:\IDEAWork\hospital)
2020-04-06 12:02:46,715 INFO  13628 --- [main] org.springframework.boot.SpringApplication.logStartupProfileInfo/651 : No active profile set, falling back to default profiles: default
2020-04-06 12:02:47,749 WARN  13628 --- [main] org.mybatis.logging.Logger.warn/44 : No MyBatis mapper was found in '[com.aokai.hospital]' package. Please check your configuration.
2020-04-06 12:02:48,188 INFO  13628 --- [main] org.springframework.boot.web.embedded.tomcat.TomcatWebServer.initialize/92 : Tomcat initialized with port(s): 8081 (http)
2020-04-06 12:02:48,198 INFO  13628 --- [main] org.apache.juli.logging.DirectJDKLog.log/173 : Initializing ProtocolHandler ["http-nio-8081"]
2020-04-06 12:02:48,199 INFO  13628 --- [main] org.apache.juli.logging.DirectJDKLog.log/173 : Starting service [Tomcat]
2020-04-06 12:02:48,199 INFO  13628 --- [main] org.apache.juli.logging.DirectJDKLog.log/173 : Starting Servlet engine: [Apache Tomcat/9.0.33]
2020-04-06 12:02:48,322 INFO  13628 --- [main] org.apache.juli.logging.DirectJDKLog.log/173 : Initializing Spring embedded WebApplicationContext
2020-04-06 12:02:48,322 INFO  13628 --- [main] org.springframework.boot.web.servlet.context.ServletWebServerApplicationContext.prepareWebApplicationContext/284 : Root WebApplicationContext: initialization completed in 1453 ms
2020-04-06 12:02:49,290 INFO  13628 --- [main] org.springframework.scheduling.concurrent.ExecutorConfigurationSupport.initialize/181 : Initializing ExecutorService 'applicationTaskExecutor'
2020-04-06 12:02:49,419 INFO  13628 --- [main] tk.mybatis.mapper.autoconfigure.MapperCacheDisabler.removeStaticCache/60 : Clear tk.mybatis.mapper.util.MsUtil CLASS_CACHE cache.
2020-04-06 12:02:49,420 INFO  13628 --- [main] tk.mybatis.mapper.autoconfigure.MapperCacheDisabler.removeStaticCache/60 : Clear tk.mybatis.mapper.genid.GenIdUtil CACHE cache.
2020-04-06 12:02:49,421 INFO  13628 --- [main] tk.mybatis.mapper.autoconfigure.MapperCacheDisabler.removeStaticCache/60 : Clear tk.mybatis.mapper.version.VersionUtil CACHE cache.
2020-04-06 12:02:49,421 INFO  13628 --- [main] tk.mybatis.mapper.autoconfigure.MapperCacheDisabler.removeEntityHelperCache/83 : Clear EntityHelper entityTableMap cache.
2020-04-06 12:02:49,538 INFO  13628 --- [main] org.apache.juli.logging.DirectJDKLog.log/173 : Starting ProtocolHandler ["http-nio-8081"]
2020-04-06 12:02:49,571 INFO  13628 --- [main] org.springframework.boot.web.embedded.tomcat.TomcatWebServer.start/204 : Tomcat started on port(s): 8081 (http) with context path ''
2020-04-06 12:02:49,576 INFO  13628 --- [main] org.springframework.boot.StartupInfoLogger.logStarted/61 : Started HospitalApplication in 3.669 seconds (JVM running for 4.791)
2020-04-06 12:06:19,312 INFO  13628 --- [http-nio-8081-exec-2] org.apache.juli.logging.DirectJDKLog.log/175 : Error parsing HTTP request header
 Note: further occurrences of HTTP request parsing errors will be logged at DEBUG level.
java.lang.IllegalArgumentException: Invalid character found in method name. HTTP method names must be tokens
	at org.apache.coyote.http11.Http11InputBuffer.parseRequestLine(Http11InputBuffer.java:418)
	at org.apache.coyote.http11.Http11Processor.service(Http11Processor.java:260)
	at org.apache.coyote.AbstractProcessorLight.process(AbstractProcessorLight.java:65)
	at org.apache.coyote.AbstractProtocol$ConnectionHandler.process(AbstractProtocol.java:868)
	at org.apache.tomcat.util.net.NioEndpoint$SocketProcessor.doRun(NioEndpoint.java:1594)
	at org.apache.tomcat.util.net.SocketProcessorBase.run(SocketProcessorBase.java:49)
	at java.util.concurrent.ThreadPoolExecutor.runWorker(ThreadPoolExecutor.java:1149)
	at java.util.concurrent.ThreadPoolExecutor$Worker.run(ThreadPoolExecutor.java:624)
	at org.apache.tomcat.util.threads.TaskThread$WrappingRunnable.run(TaskThread.java:61)
	at java.lang.Thread.run(Thread.java:748)
2020-04-06 12:06:19,344 INFO  13628 --- [http-nio-8081-exec-1] org.apache.juli.logging.DirectJDKLog.log/175 : Error parsing HTTP request header
 Note: further occurrences of HTTP request parsing errors will be logged at DEBUG level.
java.lang.IllegalArgumentException: Invalid character found in method name. HTTP method names must be tokens
	at org.apache.coyote.http11.Http11InputBuffer.parseRequestLine(Http11InputBuffer.java:418)
	at org.apache.coyote.http11.Http11Processor.service(Http11Processor.java:260)
	at org.apache.coyote.AbstractProcessorLight.process(AbstractProcessorLight.java:65)
	at org.apache.coyote.AbstractProtocol$ConnectionHandler.process(AbstractProtocol.java:868)
	at org.apache.tomcat.util.net.NioEndpoint$SocketProcessor.doRun(NioEndpoint.java:1594)
	at org.apache.tomcat.util.net.SocketProcessorBase.run(SocketProcessorBase.java:49)
	at java.util.concurrent.ThreadPoolExecutor.runWorker(ThreadPoolExecutor.java:1149)
	at java.util.concurrent.ThreadPoolExecutor$Worker.run(ThreadPoolExecutor.java:624)
	at org.apache.tomcat.util.threads.TaskThread$WrappingRunnable.run(TaskThread.java:61)
	at java.lang.Thread.run(Thread.java:748)
2020-04-06 12:06:44,001 INFO  13628 --- [SpringContextShutdownHook] org.springframework.scheduling.concurrent.ExecutorConfigurationSupport.shutdown/218 : Shutting down ExecutorService 'applicationTaskExecutor'
2020-04-06 12:06:48,763 INFO  15908 --- [main] org.springframework.boot.StartupInfoLogger.logStarting/55 : Starting HospitalApplication on DESKTOP-HQCJC2V with PID 15908 (D:\IDEAWork\hospital\target\classes started by lenovo in D:\IDEAWork\hospital)
2020-04-06 12:06:48,771 INFO  15908 --- [main] org.springframework.boot.SpringApplication.logStartupProfileInfo/651 : No active profile set, falling back to default profiles: default
2020-04-06 12:06:49,996 WARN  15908 --- [main] org.mybatis.logging.Logger.warn/44 : No MyBatis mapper was found in '[com.aokai.hospital]' package. Please check your configuration.
2020-04-06 12:06:50,517 INFO  15908 --- [main] org.springframework.boot.web.embedded.tomcat.TomcatWebServer.initialize/92 : Tomcat initialized with port(s): 8081 (http)
2020-04-06 12:06:50,527 INFO  15908 --- [main] org.apache.juli.logging.DirectJDKLog.log/173 : Initializing ProtocolHandler ["http-nio-8081"]
2020-04-06 12:06:50,528 INFO  15908 --- [main] org.apache.juli.logging.DirectJDKLog.log/173 : Starting service [Tomcat]
2020-04-06 12:06:50,529 INFO  15908 --- [main] org.apache.juli.logging.DirectJDKLog.log/173 : Starting Servlet engine: [Apache Tomcat/9.0.33]
2020-04-06 12:06:50,658 INFO  15908 --- [main] org.apache.juli.logging.DirectJDKLog.log/173 : Initializing Spring embedded WebApplicationContext
2020-04-06 12:06:50,658 INFO  15908 --- [main] org.springframework.boot.web.servlet.context.ServletWebServerApplicationContext.prepareWebApplicationContext/284 : Root WebApplicationContext: initialization completed in 1651 ms
2020-04-06 12:06:51,896 INFO  15908 --- [main] org.springframework.scheduling.concurrent.ExecutorConfigurationSupport.initialize/181 : Initializing ExecutorService 'applicationTaskExecutor'
2020-04-06 12:06:52,048 INFO  15908 --- [main] tk.mybatis.mapper.autoconfigure.MapperCacheDisabler.removeStaticCache/60 : Clear tk.mybatis.mapper.util.MsUtil CLASS_CACHE cache.
2020-04-06 12:06:52,049 INFO  15908 --- [main] tk.mybatis.mapper.autoconfigure.MapperCacheDisabler.removeStaticCache/60 : Clear tk.mybatis.mapper.genid.GenIdUtil CACHE cache.
2020-04-06 12:06:52,050 INFO  15908 --- [main] tk.mybatis.mapper.autoconfigure.MapperCacheDisabler.removeStaticCache/60 : Clear tk.mybatis.mapper.version.VersionUtil CACHE cache.
2020-04-06 12:06:52,050 INFO  15908 --- [main] tk.mybatis.mapper.autoconfigure.MapperCacheDisabler.removeEntityHelperCache/83 : Clear EntityHelper entityTableMap cache.
2020-04-06 12:06:52,161 INFO  15908 --- [main] org.apache.juli.logging.DirectJDKLog.log/173 : Starting ProtocolHandler ["http-nio-8081"]
2020-04-06 12:06:52,195 INFO  15908 --- [main] org.springframework.boot.web.embedded.tomcat.TomcatWebServer.start/204 : Tomcat started on port(s): 8081 (http) with context path ''
2020-04-06 12:06:52,207 INFO  15908 --- [main] org.springframework.boot.StartupInfoLogger.logStarted/61 : Started HospitalApplication in 4.267 seconds (JVM running for 5.644)
2020-04-06 12:07:04,173 INFO  15908 --- [http-nio-8081-exec-2] org.apache.juli.logging.DirectJDKLog.log/175 : Error parsing HTTP request header
 Note: further occurrences of HTTP request parsing errors will be logged at DEBUG level.
java.lang.IllegalArgumentException: Invalid character found in method name. HTTP method names must be tokens
	at org.apache.coyote.http11.Http11InputBuffer.parseRequestLine(Http11InputBuffer.java:418)
	at org.apache.coyote.http11.Http11Processor.service(Http11Processor.java:260)
	at org.apache.coyote.AbstractProcessorLight.process(AbstractProcessorLight.java:65)
	at org.apache.coyote.AbstractProtocol$ConnectionHandler.process(AbstractProtocol.java:868)
	at org.apache.tomcat.util.net.NioEndpoint$SocketProcessor.doRun(NioEndpoint.java:1594)
	at org.apache.tomcat.util.net.SocketProcessorBase.run(SocketProcessorBase.java:49)
	at java.util.concurrent.ThreadPoolExecutor.runWorker(ThreadPoolExecutor.java:1149)
	at java.util.concurrent.ThreadPoolExecutor$Worker.run(ThreadPoolExecutor.java:624)
	at org.apache.tomcat.util.threads.TaskThread$WrappingRunnable.run(TaskThread.java:61)
	at java.lang.Thread.run(Thread.java:748)
2020-04-06 12:07:04,206 INFO  15908 --- [http-nio-8081-exec-1] org.apache.juli.logging.DirectJDKLog.log/175 : Error parsing HTTP request header
 Note: further occurrences of HTTP request parsing errors will be logged at DEBUG level.
java.lang.IllegalArgumentException: Invalid character found in method name. HTTP method names must be tokens
	at org.apache.coyote.http11.Http11InputBuffer.parseRequestLine(Http11InputBuffer.java:418)
	at org.apache.coyote.http11.Http11Processor.service(Http11Processor.java:260)
	at org.apache.coyote.AbstractProcessorLight.process(AbstractProcessorLight.java:65)
	at org.apache.coyote.AbstractProtocol$ConnectionHandler.process(AbstractProtocol.java:868)
	at org.apache.tomcat.util.net.NioEndpoint$SocketProcessor.doRun(NioEndpoint.java:1594)
	at org.apache.tomcat.util.net.SocketProcessorBase.run(SocketProcessorBase.java:49)
	at java.util.concurrent.ThreadPoolExecutor.runWorker(ThreadPoolExecutor.java:1149)
	at java.util.concurrent.ThreadPoolExecutor$Worker.run(ThreadPoolExecutor.java:624)
	at org.apache.tomcat.util.threads.TaskThread$WrappingRunnable.run(TaskThread.java:61)
	at java.lang.Thread.run(Thread.java:748)
2020-04-06 12:08:21,682 INFO  15908 --- [http-nio-8081-exec-4] org.apache.juli.logging.DirectJDKLog.log/173 : Initializing Spring DispatcherServlet 'dispatcherServlet'
2020-04-06 12:08:21,683 INFO  15908 --- [http-nio-8081-exec-4] org.springframework.web.servlet.FrameworkServlet.initServletBean/525 : Initializing Servlet 'dispatcherServlet'
2020-04-06 12:08:21,690 INFO  15908 --- [http-nio-8081-exec-4] org.springframework.web.servlet.FrameworkServlet.initServletBean/547 : Completed initialization in 7 ms
2020-04-06 12:08:21,919 INFO  15908 --- [http-nio-8081-exec-4] com.zaxxer.hikari.HikariDataSource.getConnection/110 : HikariPool-1 - Starting...
2020-04-06 12:08:22,448 INFO  15908 --- [http-nio-8081-exec-4] com.zaxxer.hikari.HikariDataSource.getConnection/123 : HikariPool-1 - Start completed.
2020-04-06 12:08:22,459 DEBUG 15908 --- [http-nio-8081-exec-4] org.apache.ibatis.logging.jdbc.BaseJdbcLogger.debug/143 : ==>  Preparing: select * from admin where account = ? and password = ? 
2020-04-06 12:08:22,486 DEBUG 15908 --- [http-nio-8081-exec-4] org.apache.ibatis.logging.jdbc.BaseJdbcLogger.debug/143 : ==> Parameters: 1111(String), (String)
2020-04-06 12:08:22,537 DEBUG 15908 --- [http-nio-8081-exec-4] org.apache.ibatis.logging.jdbc.BaseJdbcLogger.debug/143 : <==      Total: 0
2020-04-06 12:08:25,530 DEBUG 15908 --- [http-nio-8081-exec-3] org.apache.ibatis.logging.jdbc.BaseJdbcLogger.debug/143 : ==>  Preparing: select * from admin where account = ? and password = ? 
2020-04-06 12:08:25,532 DEBUG 15908 --- [http-nio-8081-exec-3] org.apache.ibatis.logging.jdbc.BaseJdbcLogger.debug/143 : ==> Parameters: 1111(String), (String)
2020-04-06 12:08:25,565 DEBUG 15908 --- [http-nio-8081-exec-3] org.apache.ibatis.logging.jdbc.BaseJdbcLogger.debug/143 : <==      Total: 0
2020-04-06 12:08:43,880 DEBUG 15908 --- [http-nio-8081-exec-5] org.apache.ibatis.logging.jdbc.BaseJdbcLogger.debug/143 : ==>  Preparing: select * from admin where account = ? and password = ? 
2020-04-06 12:08:43,881 DEBUG 15908 --- [http-nio-8081-exec-5] org.apache.ibatis.logging.jdbc.BaseJdbcLogger.debug/143 : ==> Parameters: 1231(String), 04(String)
2020-04-06 12:08:43,911 DEBUG 15908 --- [http-nio-8081-exec-5] org.apache.ibatis.logging.jdbc.BaseJdbcLogger.debug/143 : <==      Total: 0
2020-04-06 12:10:30,864 DEBUG 15908 --- [http-nio-8081-exec-7] org.apache.ibatis.logging.jdbc.BaseJdbcLogger.debug/143 : ==>  Preparing: select * from patient where account = ? 
2020-04-06 12:10:30,865 DEBUG 15908 --- [http-nio-8081-exec-7] org.apache.ibatis.logging.jdbc.BaseJdbcLogger.debug/143 : ==> Parameters: 1231(String)
2020-04-06 12:10:30,897 DEBUG 15908 --- [http-nio-8081-exec-7] org.apache.ibatis.logging.jdbc.BaseJdbcLogger.debug/143 : <==      Total: 0
2020-04-06 12:10:30,904 DEBUG 15908 --- [http-nio-8081-exec-7] org.apache.ibatis.logging.jdbc.BaseJdbcLogger.debug/143 : ==>  Preparing: select * from patient where email = ?; 
2020-04-06 12:10:30,905 DEBUG 15908 --- [http-nio-8081-exec-7] org.apache.ibatis.logging.jdbc.BaseJdbcLogger.debug/143 : ==> Parameters: aasd@asda.com(String)
2020-04-06 12:10:30,935 DEBUG 15908 --- [http-nio-8081-exec-7] org.apache.ibatis.logging.jdbc.BaseJdbcLogger.debug/143 : <==      Total: 0
2020-04-06 12:10:30,964 DEBUG 15908 --- [http-nio-8081-exec-7] org.apache.ibatis.logging.jdbc.BaseJdbcLogger.debug/143 : ==>  Preparing: INSERT INTO patient ( pid,account,email,password,name,integrity ) VALUES( ?,?,?,?,?,? ) 
2020-04-06 12:10:30,966 DEBUG 15908 --- [http-nio-8081-exec-7] org.apache.ibatis.logging.jdbc.BaseJdbcLogger.debug/143 : ==> Parameters: null, 1231(String), aasd@asda.com(String), 04(String), aokai(String), 100(Byte)
2020-04-06 12:10:31,050 DEBUG 15908 --- [http-nio-8081-exec-7] org.apache.ibatis.logging.jdbc.BaseJdbcLogger.debug/143 : <==    Updates: 1
2020-04-06 12:12:05,420 INFO  15908 --- [SpringContextShutdownHook] org.springframework.scheduling.concurrent.ExecutorConfigurationSupport.shutdown/218 : Shutting down ExecutorService 'applicationTaskExecutor'
2020-04-06 12:12:05,423 INFO  15908 --- [SpringContextShutdownHook] com.zaxxer.hikari.HikariDataSource.close/350 : HikariPool-1 - Shutdown initiated...
2020-04-06 12:12:05,434 INFO  15908 --- [SpringContextShutdownHook] com.zaxxer.hikari.HikariDataSource.close/352 : HikariPool-1 - Shutdown completed.
2020-04-06 12:12:12,300 INFO  14104 --- [main] org.springframework.boot.StartupInfoLogger.logStarting/55 : Starting HospitalApplication on DESKTOP-HQCJC2V with PID 14104 (D:\IDEAWork\hospital\target\classes started by lenovo in D:\IDEAWork\hospital)
2020-04-06 12:12:12,310 INFO  14104 --- [main] org.springframework.boot.SpringApplication.logStartupProfileInfo/651 : No active profile set, falling back to default profiles: default
2020-04-06 12:12:13,260 WARN  14104 --- [main] org.mybatis.logging.Logger.warn/44 : No MyBatis mapper was found in '[com.aokai.hospital]' package. Please check your configuration.
2020-04-06 12:12:13,792 INFO  14104 --- [main] org.springframework.boot.web.embedded.tomcat.TomcatWebServer.initialize/92 : Tomcat initialized with port(s): 8081 (http)
2020-04-06 12:12:13,803 INFO  14104 --- [main] org.apache.juli.logging.DirectJDKLog.log/173 : Initializing ProtocolHandler ["http-nio-8081"]
2020-04-06 12:12:13,804 INFO  14104 --- [main] org.apache.juli.logging.DirectJDKLog.log/173 : Starting service [Tomcat]
2020-04-06 12:12:13,804 INFO  14104 --- [main] org.apache.juli.logging.DirectJDKLog.log/173 : Starting Servlet engine: [Apache Tomcat/9.0.33]
2020-04-06 12:12:13,963 INFO  14104 --- [main] org.apache.juli.logging.DirectJDKLog.log/173 : Initializing Spring embedded WebApplicationContext
2020-04-06 12:12:13,964 INFO  14104 --- [main] org.springframework.boot.web.servlet.context.ServletWebServerApplicationContext.prepareWebApplicationContext/284 : Root WebApplicationContext: initialization completed in 1489 ms
2020-04-06 12:12:15,139 INFO  14104 --- [main] org.springframework.scheduling.concurrent.ExecutorConfigurationSupport.initialize/181 : Initializing ExecutorService 'applicationTaskExecutor'
2020-04-06 12:12:15,326 INFO  14104 --- [main] tk.mybatis.mapper.autoconfigure.MapperCacheDisabler.removeStaticCache/60 : Clear tk.mybatis.mapper.util.MsUtil CLASS_CACHE cache.
2020-04-06 12:12:15,327 INFO  14104 --- [main] tk.mybatis.mapper.autoconfigure.MapperCacheDisabler.removeStaticCache/60 : Clear tk.mybatis.mapper.genid.GenIdUtil CACHE cache.
2020-04-06 12:12:15,328 INFO  14104 --- [main] tk.mybatis.mapper.autoconfigure.MapperCacheDisabler.removeStaticCache/60 : Clear tk.mybatis.mapper.version.VersionUtil CACHE cache.
2020-04-06 12:12:15,329 INFO  14104 --- [main] tk.mybatis.mapper.autoconfigure.MapperCacheDisabler.removeEntityHelperCache/83 : Clear EntityHelper entityTableMap cache.
2020-04-06 12:12:15,464 INFO  14104 --- [main] org.apache.juli.logging.DirectJDKLog.log/173 : Starting ProtocolHandler ["http-nio-8081"]
2020-04-06 12:12:15,492 INFO  14104 --- [main] org.springframework.boot.web.embedded.tomcat.TomcatWebServer.start/204 : Tomcat started on port(s): 8081 (http) with context path ''
2020-04-06 12:12:15,497 INFO  14104 --- [main] org.springframework.boot.StartupInfoLogger.logStarted/61 : Started HospitalApplication in 3.969 seconds (JVM running for 5.267)
2020-04-06 12:12:25,316 INFO  14104 --- [http-nio-8081-exec-2] org.apache.juli.logging.DirectJDKLog.log/173 : Initializing Spring DispatcherServlet 'dispatcherServlet'
2020-04-06 12:12:25,317 INFO  14104 --- [http-nio-8081-exec-2] org.springframework.web.servlet.FrameworkServlet.initServletBean/525 : Initializing Servlet 'dispatcherServlet'
2020-04-06 12:12:25,327 INFO  14104 --- [http-nio-8081-exec-2] org.springframework.web.servlet.FrameworkServlet.initServletBean/547 : Completed initialization in 9 ms
2020-04-06 12:12:25,605 INFO  14104 --- [http-nio-8081-exec-2] com.zaxxer.hikari.HikariDataSource.getConnection/110 : HikariPool-1 - Starting...
2020-04-06 12:12:26,189 INFO  14104 --- [http-nio-8081-exec-2] com.zaxxer.hikari.HikariDataSource.getConnection/123 : HikariPool-1 - Start completed.
2020-04-06 12:12:26,197 DEBUG 14104 --- [http-nio-8081-exec-2] org.apache.ibatis.logging.jdbc.BaseJdbcLogger.debug/143 : ==>  Preparing: select * from patient where account = ? 
2020-04-06 12:12:26,227 DEBUG 14104 --- [http-nio-8081-exec-2] org.apache.ibatis.logging.jdbc.BaseJdbcLogger.debug/143 : ==> Parameters: 1231(String)
2020-04-06 12:12:26,290 DEBUG 14104 --- [http-nio-8081-exec-2] org.apache.ibatis.logging.jdbc.BaseJdbcLogger.debug/143 : <==      Total: 1
2020-04-06 12:12:26,319 ERROR 14104 --- [http-nio-8081-exec-2] org.apache.juli.logging.DirectJDKLog.log/175 : Servlet.service() for servlet [dispatcherServlet] in context with path [] threw exception [Request processing failed; nested exception is com.aokai.hospital.exception.ApplicationException: 0 : 用户名已存在] with root cause
com.aokai.hospital.exception.ApplicationException: 0 : 用户名已存在
	at com.aokai.hospital.controller.UserController.register(UserController.java:77)
	at sun.reflect.NativeMethodAccessorImpl.invoke0(Native Method)
	at sun.reflect.NativeMethodAccessorImpl.invoke(NativeMethodAccessorImpl.java:62)
	at sun.reflect.DelegatingMethodAccessorImpl.invoke(DelegatingMethodAccessorImpl.java:43)
	at java.lang.reflect.Method.invoke(Method.java:498)
	at org.springframework.web.method.support.InvocableHandlerMethod.doInvoke(InvocableHandlerMethod.java:190)
	at org.springframework.web.method.support.InvocableHandlerMethod.invokeForRequest(InvocableHandlerMethod.java:138)
	at org.springframework.web.servlet.mvc.method.annotation.ServletInvocableHandlerMethod.invokeAndHandle(ServletInvocableHandlerMethod.java:105)
	at org.springframework.web.servlet.mvc.method.annotation.RequestMappingHandlerAdapter.invokeHandlerMethod(RequestMappingHandlerAdapter.java:879)
	at org.springframework.web.servlet.mvc.method.annotation.RequestMappingHandlerAdapter.handleInternal(RequestMappingHandlerAdapter.java:793)
	at org.springframework.web.servlet.mvc.method.AbstractHandlerMethodAdapter.handle(AbstractHandlerMethodAdapter.java:87)
	at org.springframework.web.servlet.DispatcherServlet.doDispatch(DispatcherServlet.java:1040)
	at org.springframework.web.servlet.DispatcherServlet.doService(DispatcherServlet.java:943)
	at org.springframework.web.servlet.FrameworkServlet.processRequest(FrameworkServlet.java:1006)
	at org.springframework.web.servlet.FrameworkServlet.doPost(FrameworkServlet.java:909)
	at javax.servlet.http.HttpServlet.service(HttpServlet.java:660)
	at org.springframework.web.servlet.FrameworkServlet.service(FrameworkServlet.java:883)
	at javax.servlet.http.HttpServlet.service(HttpServlet.java:741)
	at org.apache.catalina.core.ApplicationFilterChain.internalDoFilter(ApplicationFilterChain.java:231)
	at org.apache.catalina.core.ApplicationFilterChain.doFilter(ApplicationFilterChain.java:166)
	at org.apache.tomcat.websocket.server.WsFilter.doFilter(WsFilter.java:53)
	at org.apache.catalina.core.ApplicationFilterChain.internalDoFilter(ApplicationFilterChain.java:193)
	at org.apache.catalina.core.ApplicationFilterChain.doFilter(ApplicationFilterChain.java:166)
	at org.springframework.web.filter.RequestContextFilter.doFilterInternal(RequestContextFilter.java:100)
	at org.springframework.web.filter.OncePerRequestFilter.doFilter(OncePerRequestFilter.java:119)
	at org.apache.catalina.core.ApplicationFilterChain.internalDoFilter(ApplicationFilterChain.java:193)
	at org.apache.catalina.core.ApplicationFilterChain.doFilter(ApplicationFilterChain.java:166)
	at org.springframework.web.filter.FormContentFilter.doFilterInternal(FormContentFilter.java:93)
	at org.springframework.web.filter.OncePerRequestFilter.doFilter(OncePerRequestFilter.java:119)
	at org.apache.catalina.core.ApplicationFilterChain.internalDoFilter(ApplicationFilterChain.java:193)
	at org.apache.catalina.core.ApplicationFilterChain.doFilter(ApplicationFilterChain.java:166)
	at org.springframework.web.filter.CharacterEncodingFilter.doFilterInternal(CharacterEncodingFilter.java:201)
	at org.springframework.web.filter.OncePerRequestFilter.doFilter(OncePerRequestFilter.java:119)
	at org.apache.catalina.core.ApplicationFilterChain.internalDoFilter(ApplicationFilterChain.java:193)
	at org.apache.catalina.core.ApplicationFilterChain.doFilter(ApplicationFilterChain.java:166)
	at org.apache.catalina.core.StandardWrapperValve.invoke(StandardWrapperValve.java:202)
	at org.apache.catalina.core.StandardContextValve.invoke(StandardContextValve.java:96)
	at org.apache.catalina.authenticator.AuthenticatorBase.invoke(AuthenticatorBase.java:541)
	at org.apache.catalina.core.StandardHostValve.invoke(StandardHostValve.java:139)
	at org.apache.catalina.valves.ErrorReportValve.invoke(ErrorReportValve.java:92)
	at org.apache.catalina.core.StandardEngineValve.invoke(StandardEngineValve.java:74)
	at org.apache.catalina.connector.CoyoteAdapter.service(CoyoteAdapter.java:343)
	at org.apache.coyote.http11.Http11Processor.service(Http11Processor.java:373)
	at org.apache.coyote.AbstractProcessorLight.process(AbstractProcessorLight.java:65)
	at org.apache.coyote.AbstractProtocol$ConnectionHandler.process(AbstractProtocol.java:868)
	at org.apache.tomcat.util.net.NioEndpoint$SocketProcessor.doRun(NioEndpoint.java:1594)
	at org.apache.tomcat.util.net.SocketProcessorBase.run(SocketProcessorBase.java:49)
	at java.util.concurrent.ThreadPoolExecutor.runWorker(ThreadPoolExecutor.java:1149)
	at java.util.concurrent.ThreadPoolExecutor$Worker.run(ThreadPoolExecutor.java:624)
	at org.apache.tomcat.util.threads.TaskThread$WrappingRunnable.run(TaskThread.java:61)
	at java.lang.Thread.run(Thread.java:748)
2020-04-06 12:13:37,629 INFO  14104 --- [SpringContextShutdownHook] org.springframework.scheduling.concurrent.ExecutorConfigurationSupport.shutdown/218 : Shutting down ExecutorService 'applicationTaskExecutor'
2020-04-06 12:13:37,630 INFO  14104 --- [SpringContextShutdownHook] com.zaxxer.hikari.HikariDataSource.close/350 : HikariPool-1 - Shutdown initiated...
2020-04-06 12:13:37,646 INFO  14104 --- [SpringContextShutdownHook] com.zaxxer.hikari.HikariDataSource.close/352 : HikariPool-1 - Shutdown completed.
2020-04-06 12:13:44,471 INFO  11508 --- [main] org.springframework.boot.StartupInfoLogger.logStarting/55 : Starting HospitalApplication on DESKTOP-HQCJC2V with PID 11508 (D:\IDEAWork\hospital\target\classes started by lenovo in D:\IDEAWork\hospital)
2020-04-06 12:13:44,484 INFO  11508 --- [main] org.springframework.boot.SpringApplication.logStartupProfileInfo/651 : No active profile set, falling back to default profiles: default
2020-04-06 12:13:45,485 WARN  11508 --- [main] org.mybatis.logging.Logger.warn/44 : No MyBatis mapper was found in '[com.aokai.hospital]' package. Please check your configuration.
2020-04-06 12:13:45,908 INFO  11508 --- [main] org.springframework.boot.web.embedded.tomcat.TomcatWebServer.initialize/92 : Tomcat initialized with port(s): 8081 (http)
2020-04-06 12:13:45,919 INFO  11508 --- [main] org.apache.juli.logging.DirectJDKLog.log/173 : Initializing ProtocolHandler ["http-nio-8081"]
2020-04-06 12:13:45,920 INFO  11508 --- [main] org.apache.juli.logging.DirectJDKLog.log/173 : Starting service [Tomcat]
2020-04-06 12:13:45,920 INFO  11508 --- [main] org.apache.juli.logging.DirectJDKLog.log/173 : Starting Servlet engine: [Apache Tomcat/9.0.33]
2020-04-06 12:13:46,045 INFO  11508 --- [main] org.apache.juli.logging.DirectJDKLog.log/173 : Initializing Spring embedded WebApplicationContext
2020-04-06 12:13:46,047 INFO  11508 --- [main] org.springframework.boot.web.servlet.context.ServletWebServerApplicationContext.prepareWebApplicationContext/284 : Root WebApplicationContext: initialization completed in 1436 ms
2020-04-06 12:13:47,093 INFO  11508 --- [main] org.springframework.scheduling.concurrent.ExecutorConfigurationSupport.initialize/181 : Initializing ExecutorService 'applicationTaskExecutor'
2020-04-06 12:13:47,211 INFO  11508 --- [main] tk.mybatis.mapper.autoconfigure.MapperCacheDisabler.removeStaticCache/60 : Clear tk.mybatis.mapper.util.MsUtil CLASS_CACHE cache.
2020-04-06 12:13:47,212 INFO  11508 --- [main] tk.mybatis.mapper.autoconfigure.MapperCacheDisabler.removeStaticCache/60 : Clear tk.mybatis.mapper.genid.GenIdUtil CACHE cache.
2020-04-06 12:13:47,212 INFO  11508 --- [main] tk.mybatis.mapper.autoconfigure.MapperCacheDisabler.removeStaticCache/60 : Clear tk.mybatis.mapper.version.VersionUtil CACHE cache.
2020-04-06 12:13:47,213 INFO  11508 --- [main] tk.mybatis.mapper.autoconfigure.MapperCacheDisabler.removeEntityHelperCache/83 : Clear EntityHelper entityTableMap cache.
2020-04-06 12:13:47,349 INFO  11508 --- [main] org.apache.juli.logging.DirectJDKLog.log/173 : Starting ProtocolHandler ["http-nio-8081"]
2020-04-06 12:13:47,402 INFO  11508 --- [main] org.springframework.boot.web.embedded.tomcat.TomcatWebServer.start/204 : Tomcat started on port(s): 8081 (http) with context path ''
2020-04-06 12:13:47,412 INFO  11508 --- [main] org.springframework.boot.StartupInfoLogger.logStarted/61 : Started HospitalApplication in 3.713 seconds (JVM running for 4.979)
2020-04-06 12:13:50,640 INFO  11508 --- [http-nio-8081-exec-2] org.apache.juli.logging.DirectJDKLog.log/173 : Initializing Spring DispatcherServlet 'dispatcherServlet'
2020-04-06 12:13:50,640 INFO  11508 --- [http-nio-8081-exec-2] org.springframework.web.servlet.FrameworkServlet.initServletBean/525 : Initializing Servlet 'dispatcherServlet'
2020-04-06 12:13:50,646 INFO  11508 --- [http-nio-8081-exec-2] org.springframework.web.servlet.FrameworkServlet.initServletBean/547 : Completed initialization in 6 ms
2020-04-06 12:13:50,906 INFO  11508 --- [http-nio-8081-exec-2] com.zaxxer.hikari.HikariDataSource.getConnection/110 : HikariPool-1 - Starting...
2020-04-06 12:13:51,486 INFO  11508 --- [http-nio-8081-exec-2] com.zaxxer.hikari.HikariDataSource.getConnection/123 : HikariPool-1 - Start completed.
2020-04-06 12:13:51,497 DEBUG 11508 --- [http-nio-8081-exec-2] org.apache.ibatis.logging.jdbc.BaseJdbcLogger.debug/143 : ==>  Preparing: select * from patient where account = ? 
2020-04-06 12:13:51,529 DEBUG 11508 --- [http-nio-8081-exec-2] org.apache.ibatis.logging.jdbc.BaseJdbcLogger.debug/143 : ==> Parameters: 1231(String)
2020-04-06 12:13:51,593 DEBUG 11508 --- [http-nio-8081-exec-2] org.apache.ibatis.logging.jdbc.BaseJdbcLogger.debug/143 : <==      Total: 1
2020-04-06 12:14:02,858 DEBUG 11508 --- [http-nio-8081-exec-1] org.apache.ibatis.logging.jdbc.BaseJdbcLogger.debug/143 : ==>  Preparing: select * from patient where account = ? 
2020-04-06 12:14:02,859 DEBUG 11508 --- [http-nio-8081-exec-1] org.apache.ibatis.logging.jdbc.BaseJdbcLogger.debug/143 : ==> Parameters: 1231(String)
2020-04-06 12:14:02,894 DEBUG 11508 --- [http-nio-8081-exec-1] org.apache.ibatis.logging.jdbc.BaseJdbcLogger.debug/143 : <==      Total: 1
2020-04-06 12:14:09,226 DEBUG 11508 --- [http-nio-8081-exec-4] org.apache.ibatis.logging.jdbc.BaseJdbcLogger.debug/143 : ==>  Preparing: select * from patient where account = ? 
2020-04-06 12:14:09,226 DEBUG 11508 --- [http-nio-8081-exec-4] org.apache.ibatis.logging.jdbc.BaseJdbcLogger.debug/143 : ==> Parameters: 12312(String)
2020-04-06 12:14:09,259 DEBUG 11508 --- [http-nio-8081-exec-4] org.apache.ibatis.logging.jdbc.BaseJdbcLogger.debug/143 : <==      Total: 0
2020-04-06 12:14:09,261 DEBUG 11508 --- [http-nio-8081-exec-4] org.apache.ibatis.logging.jdbc.BaseJdbcLogger.debug/143 : ==>  Preparing: select * from patient where email = ?; 
2020-04-06 12:14:09,261 DEBUG 11508 --- [http-nio-8081-exec-4] org.apache.ibatis.logging.jdbc.BaseJdbcLogger.debug/143 : ==> Parameters: aasd@asda.com(String)
2020-04-06 12:14:09,297 DEBUG 11508 --- [http-nio-8081-exec-4] org.apache.ibatis.logging.jdbc.BaseJdbcLogger.debug/143 : <==      Total: 1
2020-04-06 12:14:14,246 DEBUG 11508 --- [http-nio-8081-exec-3] org.apache.ibatis.logging.jdbc.BaseJdbcLogger.debug/143 : ==>  Preparing: select * from patient where account = ? 
2020-04-06 12:14:14,247 DEBUG 11508 --- [http-nio-8081-exec-3] org.apache.ibatis.logging.jdbc.BaseJdbcLogger.debug/143 : ==> Parameters: 12312(String)
2020-04-06 12:14:14,301 DEBUG 11508 --- [http-nio-8081-exec-3] org.apache.ibatis.logging.jdbc.BaseJdbcLogger.debug/143 : <==      Total: 0
2020-04-06 12:14:14,302 DEBUG 11508 --- [http-nio-8081-exec-3] org.apache.ibatis.logging.jdbc.BaseJdbcLogger.debug/143 : ==>  Preparing: select * from patient where email = ?; 
2020-04-06 12:14:14,302 DEBUG 11508 --- [http-nio-8081-exec-3] org.apache.ibatis.logging.jdbc.BaseJdbcLogger.debug/143 : ==> Parameters: aasd@asd2a.com(String)
2020-04-06 12:14:14,336 DEBUG 11508 --- [http-nio-8081-exec-3] org.apache.ibatis.logging.jdbc.BaseJdbcLogger.debug/143 : <==      Total: 0
2020-04-06 12:14:14,365 DEBUG 11508 --- [http-nio-8081-exec-3] org.apache.ibatis.logging.jdbc.BaseJdbcLogger.debug/143 : ==>  Preparing: INSERT INTO patient ( pid,account,email,password,name,integrity ) VALUES( ?,?,?,?,?,? ) 
2020-04-06 12:14:14,366 DEBUG 11508 --- [http-nio-8081-exec-3] org.apache.ibatis.logging.jdbc.BaseJdbcLogger.debug/143 : ==> Parameters: null, 12312(String), aasd@asd2a.com(String), 04(String), aokai(String), 100(Byte)
2020-04-06 12:14:14,460 DEBUG 11508 --- [http-nio-8081-exec-3] org.apache.ibatis.logging.jdbc.BaseJdbcLogger.debug/143 : <==    Updates: 1
2020-04-06 12:14:51,985 INFO  11508 --- [SpringContextShutdownHook] org.springframework.scheduling.concurrent.ExecutorConfigurationSupport.shutdown/218 : Shutting down ExecutorService 'applicationTaskExecutor'
2020-04-06 12:14:51,987 INFO  11508 --- [SpringContextShutdownHook] com.zaxxer.hikari.HikariDataSource.close/350 : HikariPool-1 - Shutdown initiated...
2020-04-06 12:14:52,000 INFO  11508 --- [SpringContextShutdownHook] com.zaxxer.hikari.HikariDataSource.close/352 : HikariPool-1 - Shutdown completed.
2020-04-06 12:14:58,429 INFO  12996 --- [main] org.springframework.boot.StartupInfoLogger.logStarting/55 : Starting HospitalApplication on DESKTOP-HQCJC2V with PID 12996 (D:\IDEAWork\hospital\target\classes started by lenovo in D:\IDEAWork\hospital)
2020-04-06 12:14:58,434 INFO  12996 --- [main] org.springframework.boot.SpringApplication.logStartupProfileInfo/651 : No active profile set, falling back to default profiles: default
2020-04-06 12:14:59,711 WARN  12996 --- [main] org.mybatis.logging.Logger.warn/44 : No MyBatis mapper was found in '[com.aokai.hospital]' package. Please check your configuration.
2020-04-06 12:15:00,207 INFO  12996 --- [main] org.springframework.boot.web.embedded.tomcat.TomcatWebServer.initialize/92 : Tomcat initialized with port(s): 8081 (http)
2020-04-06 12:15:00,220 INFO  12996 --- [main] org.apache.juli.logging.DirectJDKLog.log/173 : Initializing ProtocolHandler ["http-nio-8081"]
2020-04-06 12:15:00,221 INFO  12996 --- [main] org.apache.juli.logging.DirectJDKLog.log/173 : Starting service [Tomcat]
2020-04-06 12:15:00,222 INFO  12996 --- [main] org.apache.juli.logging.DirectJDKLog.log/173 : Starting Servlet engine: [Apache Tomcat/9.0.33]
2020-04-06 12:15:00,385 INFO  12996 --- [main] org.apache.juli.logging.DirectJDKLog.log/173 : Initializing Spring embedded WebApplicationContext
2020-04-06 12:15:00,386 INFO  12996 --- [main] org.springframework.boot.web.servlet.context.ServletWebServerApplicationContext.prepareWebApplicationContext/284 : Root WebApplicationContext: initialization completed in 1883 ms
2020-04-06 12:15:01,612 INFO  12996 --- [main] org.springframework.scheduling.concurrent.ExecutorConfigurationSupport.initialize/181 : Initializing ExecutorService 'applicationTaskExecutor'
2020-04-06 12:15:01,744 INFO  12996 --- [main] tk.mybatis.mapper.autoconfigure.MapperCacheDisabler.removeStaticCache/60 : Clear tk.mybatis.mapper.util.MsUtil CLASS_CACHE cache.
2020-04-06 12:15:01,745 INFO  12996 --- [main] tk.mybatis.mapper.autoconfigure.MapperCacheDisabler.removeStaticCache/60 : Clear tk.mybatis.mapper.genid.GenIdUtil CACHE cache.
2020-04-06 12:15:01,746 INFO  12996 --- [main] tk.mybatis.mapper.autoconfigure.MapperCacheDisabler.removeStaticCache/60 : Clear tk.mybatis.mapper.version.VersionUtil CACHE cache.
2020-04-06 12:15:01,746 INFO  12996 --- [main] tk.mybatis.mapper.autoconfigure.MapperCacheDisabler.removeEntityHelperCache/83 : Clear EntityHelper entityTableMap cache.
2020-04-06 12:15:01,859 INFO  12996 --- [main] org.apache.juli.logging.DirectJDKLog.log/173 : Starting ProtocolHandler ["http-nio-8081"]
2020-04-06 12:15:01,914 INFO  12996 --- [main] org.springframework.boot.web.embedded.tomcat.TomcatWebServer.start/204 : Tomcat started on port(s): 8081 (http) with context path ''
2020-04-06 12:15:01,923 INFO  12996 --- [main] org.springframework.boot.StartupInfoLogger.logStarted/61 : Started HospitalApplication in 4.126 seconds (JVM running for 5.21)
2020-04-06 12:15:53,144 INFO  12996 --- [http-nio-8081-exec-1] org.apache.juli.logging.DirectJDKLog.log/173 : Initializing Spring DispatcherServlet 'dispatcherServlet'
2020-04-06 12:15:53,145 INFO  12996 --- [http-nio-8081-exec-1] org.springframework.web.servlet.FrameworkServlet.initServletBean/525 : Initializing Servlet 'dispatcherServlet'
2020-04-06 12:15:53,155 INFO  12996 --- [http-nio-8081-exec-1] org.springframework.web.servlet.FrameworkServlet.initServletBean/547 : Completed initialization in 10 ms
2020-04-06 12:15:53,440 INFO  12996 --- [http-nio-8081-exec-1] com.zaxxer.hikari.HikariDataSource.getConnection/110 : HikariPool-1 - Starting...
2020-04-06 12:15:53,999 INFO  12996 --- [http-nio-8081-exec-1] com.zaxxer.hikari.HikariDataSource.getConnection/123 : HikariPool-1 - Start completed.
2020-04-06 12:15:54,009 DEBUG 12996 --- [http-nio-8081-exec-1] org.apache.ibatis.logging.jdbc.BaseJdbcLogger.debug/143 : ==>  Preparing: select * from admin where account = ? and password = ? 
2020-04-06 12:15:54,034 DEBUG 12996 --- [http-nio-8081-exec-1] org.apache.ibatis.logging.jdbc.BaseJdbcLogger.debug/143 : ==> Parameters: 12312(String), 04(String)
2020-04-06 12:15:54,101 DEBUG 12996 --- [http-nio-8081-exec-1] org.apache.ibatis.logging.jdbc.BaseJdbcLogger.debug/143 : <==      Total: 0
2020-04-06 12:15:56,460 DEBUG 12996 --- [http-nio-8081-exec-2] org.apache.ibatis.logging.jdbc.BaseJdbcLogger.debug/143 : ==>  Preparing: select * from admin where account = ? and password = ? 
2020-04-06 12:15:56,461 DEBUG 12996 --- [http-nio-8081-exec-2] org.apache.ibatis.logging.jdbc.BaseJdbcLogger.debug/143 : ==> Parameters: 12312(String), 04(String)
2020-04-06 12:15:56,496 DEBUG 12996 --- [http-nio-8081-exec-2] org.apache.ibatis.logging.jdbc.BaseJdbcLogger.debug/143 : <==      Total: 0
2020-04-06 12:16:48,544 DEBUG 12996 --- [http-nio-8081-exec-3] org.apache.ibatis.logging.jdbc.BaseJdbcLogger.debug/143 : ==>  Preparing: select * from patient where account = ? 
2020-04-06 12:16:48,545 DEBUG 12996 --- [http-nio-8081-exec-3] org.apache.ibatis.logging.jdbc.BaseJdbcLogger.debug/143 : ==> Parameters: 110(String)
2020-04-06 12:16:48,577 DEBUG 12996 --- [http-nio-8081-exec-3] org.apache.ibatis.logging.jdbc.BaseJdbcLogger.debug/143 : <==      Total: 0
2020-04-06 12:16:48,584 DEBUG 12996 --- [http-nio-8081-exec-3] org.apache.ibatis.logging.jdbc.BaseJdbcLogger.debug/143 : ==>  Preparing: select * from patient where email = ?; 
2020-04-06 12:16:48,585 DEBUG 12996 --- [http-nio-8081-exec-3] org.apache.ibatis.logging.jdbc.BaseJdbcLogger.debug/143 : ==> Parameters: aaasd@asd2a.com(String)
2020-04-06 12:16:48,622 DEBUG 12996 --- [http-nio-8081-exec-3] org.apache.ibatis.logging.jdbc.BaseJdbcLogger.debug/143 : <==      Total: 0
2020-04-06 16:13:30,210 WARN  12996 --- [HikariPool-1 housekeeper] com.zaxxer.hikari.pool.HikariPool$HouseKeeper.run/779 : HikariPool-1 - Thread starvation or clock leap detected (housekeeper delta=3h57m5s775ms172µs900ns).
2020-04-06 16:14:24,855 DEBUG 12996 --- [http-nio-8081-exec-4] org.apache.ibatis.logging.jdbc.BaseJdbcLogger.debug/143 : ==>  Preparing: select * from patient where account = ? 
2020-04-06 16:14:24,859 DEBUG 12996 --- [http-nio-8081-exec-4] org.apache.ibatis.logging.jdbc.BaseJdbcLogger.debug/143 : ==> Parameters: 110(String)
2020-04-06 16:14:24,893 DEBUG 12996 --- [http-nio-8081-exec-4] org.apache.ibatis.logging.jdbc.BaseJdbcLogger.debug/143 : <==      Total: 0
2020-04-06 16:14:24,895 DEBUG 12996 --- [http-nio-8081-exec-3] org.apache.ibatis.logging.jdbc.BaseJdbcLogger.debug/143 : ==>  Preparing: INSERT INTO patient ( pid,account,email,password,name,integrity ) VALUES( ?,?,?,?,?,? ) 
2020-04-06 16:14:24,897 DEBUG 12996 --- [http-nio-8081-exec-3] org.apache.ibatis.logging.jdbc.BaseJdbcLogger.debug/143 : ==> Parameters: null, 110(String), aaasd@asd2a.com(String), (String), aokai(String), 100(Byte)
2020-04-06 16:14:24,992 DEBUG 12996 --- [http-nio-8081-exec-3] org.apache.ibatis.logging.jdbc.BaseJdbcLogger.debug/143 : <==    Updates: 1
2020-04-06 16:14:24,993 DEBUG 12996 --- [http-nio-8081-exec-4] org.apache.ibatis.logging.jdbc.BaseJdbcLogger.debug/143 : ==>  Preparing: select * from patient where email = ?; 
2020-04-06 16:14:31,086 DEBUG 12996 --- [http-nio-8081-exec-4] org.apache.ibatis.logging.jdbc.BaseJdbcLogger.debug/143 : ==> Parameters: aaasd@asd2a.com(String)
2020-04-06 16:14:52,571 DEBUG 12996 --- [http-nio-8081-exec-4] org.apache.ibatis.logging.jdbc.BaseJdbcLogger.debug/143 : <==      Total: 1
2020-04-06 16:14:54,787 WARN  12996 --- [HikariPool-1 housekeeper] com.zaxxer.hikari.pool.HikariPool$HouseKeeper.run/779 : HikariPool-1 - Thread starvation or clock leap detected (housekeeper delta=1m24s592ms93µs300ns).
2020-04-06 16:15:36,525 DEBUG 12996 --- [http-nio-8081-exec-5] org.apache.ibatis.logging.jdbc.BaseJdbcLogger.debug/143 : ==>  Preparing: select * from patient where account = ? 
2020-04-06 16:15:36,527 DEBUG 12996 --- [http-nio-8081-exec-5] org.apache.ibatis.logging.jdbc.BaseJdbcLogger.debug/143 : ==> Parameters: 110(String)
2020-04-06 16:15:36,558 DEBUG 12996 --- [http-nio-8081-exec-5] org.apache.ibatis.logging.jdbc.BaseJdbcLogger.debug/143 : <==      Total: 0
2020-04-06 16:15:36,560 DEBUG 12996 --- [http-nio-8081-exec-5] org.apache.ibatis.logging.jdbc.BaseJdbcLogger.debug/143 : ==>  Preparing: select * from patient where email = ?; 
2020-04-06 16:15:36,560 DEBUG 12996 --- [http-nio-8081-exec-5] org.apache.ibatis.logging.jdbc.BaseJdbcLogger.debug/143 : ==> Parameters: aaasd@asd2a.com(String)
2020-04-06 16:15:36,593 DEBUG 12996 --- [http-nio-8081-exec-5] org.apache.ibatis.logging.jdbc.BaseJdbcLogger.debug/143 : <==      Total: 0
2020-04-06 16:16:16,366 WARN  12996 --- [HikariPool-1 housekeeper] com.zaxxer.hikari.pool.HikariPool$HouseKeeper.run/779 : HikariPool-1 - Thread starvation or clock leap detected (housekeeper delta=49s554ms649µs700ns).
2020-04-06 16:16:16,408 DEBUG 12996 --- [http-nio-8081-exec-5] org.apache.ibatis.logging.jdbc.BaseJdbcLogger.debug/143 : ==>  Preparing: INSERT INTO patient ( pid,account,email,password,name,integrity ) VALUES( ?,?,?,?,?,? ) 
2020-04-06 16:16:16,410 DEBUG 12996 --- [http-nio-8081-exec-5] org.apache.ibatis.logging.jdbc.BaseJdbcLogger.debug/143 : ==> Parameters: null, 110(String), aaasd@asd2a.com(String), (String), aokai(String), 100(Byte)
2020-04-06 16:16:16,496 DEBUG 12996 --- [http-nio-8081-exec-5] org.apache.ibatis.logging.jdbc.BaseJdbcLogger.debug/143 : <==    Updates: 1
2020-04-06 16:21:51,614 INFO  12996 --- [SpringContextShutdownHook] org.springframework.scheduling.concurrent.ExecutorConfigurationSupport.shutdown/218 : Shutting down ExecutorService 'applicationTaskExecutor'
2020-04-06 16:21:51,618 INFO  12996 --- [SpringContextShutdownHook] com.zaxxer.hikari.HikariDataSource.close/350 : HikariPool-1 - Shutdown initiated...
2020-04-06 16:21:51,636 INFO  12996 --- [SpringContextShutdownHook] com.zaxxer.hikari.HikariDataSource.close/352 : HikariPool-1 - Shutdown completed.
2020-04-06 16:22:00,447 INFO  17272 --- [main] org.springframework.boot.StartupInfoLogger.logStarting/55 : Starting HospitalApplication on DESKTOP-HQCJC2V with PID 17272 (D:\IDEAWork\hospital\target\classes started by lenovo in D:\IDEAWork\hospital)
2020-04-06 16:22:00,451 INFO  17272 --- [main] org.springframework.boot.SpringApplication.logStartupProfileInfo/651 : No active profile set, falling back to default profiles: default
2020-04-06 16:22:01,462 WARN  17272 --- [main] org.mybatis.logging.Logger.warn/44 : No MyBatis mapper was found in '[com.aokai.hospital]' package. Please check your configuration.
2020-04-06 16:22:01,910 INFO  17272 --- [main] org.springframework.boot.web.embedded.tomcat.TomcatWebServer.initialize/92 : Tomcat initialized with port(s): 8081 (http)
2020-04-06 16:22:01,922 INFO  17272 --- [main] org.apache.juli.logging.DirectJDKLog.log/173 : Initializing ProtocolHandler ["http-nio-8081"]
2020-04-06 16:22:01,923 INFO  17272 --- [main] org.apache.juli.logging.DirectJDKLog.log/173 : Starting service [Tomcat]
2020-04-06 16:22:01,923 INFO  17272 --- [main] org.apache.juli.logging.DirectJDKLog.log/173 : Starting Servlet engine: [Apache Tomcat/9.0.33]
2020-04-06 16:22:02,047 INFO  17272 --- [main] org.apache.juli.logging.DirectJDKLog.log/173 : Initializing Spring embedded WebApplicationContext
2020-04-06 16:22:02,047 INFO  17272 --- [main] org.springframework.boot.web.servlet.context.ServletWebServerApplicationContext.prepareWebApplicationContext/284 : Root WebApplicationContext: initialization completed in 1471 ms
2020-04-06 16:22:03,046 INFO  17272 --- [main] org.springframework.scheduling.concurrent.ExecutorConfigurationSupport.initialize/181 : Initializing ExecutorService 'applicationTaskExecutor'
2020-04-06 16:22:03,172 INFO  17272 --- [main] tk.mybatis.mapper.autoconfigure.MapperCacheDisabler.removeStaticCache/60 : Clear tk.mybatis.mapper.util.MsUtil CLASS_CACHE cache.
2020-04-06 16:22:03,173 INFO  17272 --- [main] tk.mybatis.mapper.autoconfigure.MapperCacheDisabler.removeStaticCache/60 : Clear tk.mybatis.mapper.genid.GenIdUtil CACHE cache.
2020-04-06 16:22:03,174 INFO  17272 --- [main] tk.mybatis.mapper.autoconfigure.MapperCacheDisabler.removeStaticCache/60 : Clear tk.mybatis.mapper.version.VersionUtil CACHE cache.
2020-04-06 16:22:03,174 INFO  17272 --- [main] tk.mybatis.mapper.autoconfigure.MapperCacheDisabler.removeEntityHelperCache/83 : Clear EntityHelper entityTableMap cache.
2020-04-06 16:22:03,287 INFO  17272 --- [main] org.apache.juli.logging.DirectJDKLog.log/173 : Starting ProtocolHandler ["http-nio-8081"]
2020-04-06 16:22:03,318 INFO  17272 --- [main] org.springframework.boot.web.embedded.tomcat.TomcatWebServer.start/204 : Tomcat started on port(s): 8081 (http) with context path ''
2020-04-06 16:22:03,323 INFO  17272 --- [main] org.springframework.boot.StartupInfoLogger.logStarted/61 : Started HospitalApplication in 3.575 seconds (JVM running for 4.697)
2020-04-06 16:22:09,237 INFO  17272 --- [http-nio-8081-exec-1] org.apache.juli.logging.DirectJDKLog.log/173 : Initializing Spring DispatcherServlet 'dispatcherServlet'
2020-04-06 16:22:09,237 INFO  17272 --- [http-nio-8081-exec-1] org.springframework.web.servlet.FrameworkServlet.initServletBean/525 : Initializing Servlet 'dispatcherServlet'
2020-04-06 16:22:09,246 INFO  17272 --- [http-nio-8081-exec-1] org.springframework.web.servlet.FrameworkServlet.initServletBean/547 : Completed initialization in 8 ms
2020-04-06 16:22:09,523 INFO  17272 --- [http-nio-8081-exec-1] com.zaxxer.hikari.HikariDataSource.getConnection/110 : HikariPool-1 - Starting...
2020-04-06 16:22:10,129 INFO  17272 --- [http-nio-8081-exec-1] com.zaxxer.hikari.HikariDataSource.getConnection/123 : HikariPool-1 - Start completed.
2020-04-06 16:22:10,138 DEBUG 17272 --- [http-nio-8081-exec-1] org.apache.ibatis.logging.jdbc.BaseJdbcLogger.debug/143 : ==>  Preparing: select * from patient where account = ? 
2020-04-06 16:22:10,180 DEBUG 17272 --- [http-nio-8081-exec-1] org.apache.ibatis.logging.jdbc.BaseJdbcLogger.debug/143 : ==> Parameters: 110(String)
2020-04-06 16:22:10,247 DEBUG 17272 --- [http-nio-8081-exec-1] org.apache.ibatis.logging.jdbc.BaseJdbcLogger.debug/143 : <==      Total: 0
2020-04-06 16:22:10,262 DEBUG 17272 --- [http-nio-8081-exec-1] org.apache.ibatis.logging.jdbc.BaseJdbcLogger.debug/143 : ==>  Preparing: select * from patient where email = ?; 
2020-04-06 16:22:10,263 DEBUG 17272 --- [http-nio-8081-exec-1] org.apache.ibatis.logging.jdbc.BaseJdbcLogger.debug/143 : ==> Parameters: aaasd@asd2a.com(String)
2020-04-06 16:22:10,296 DEBUG 17272 --- [http-nio-8081-exec-1] org.apache.ibatis.logging.jdbc.BaseJdbcLogger.debug/143 : <==      Total: 0
2020-04-06 16:22:15,051 DEBUG 17272 --- [http-nio-8081-exec-1] org.apache.ibatis.logging.jdbc.BaseJdbcLogger.debug/143 : ==>  Preparing: INSERT INTO patient ( pid,account,email,password,name,integrity ) VALUES( ?,?,?,?,?,? ) 
2020-04-06 16:22:15,053 DEBUG 17272 --- [http-nio-8081-exec-1] org.apache.ibatis.logging.jdbc.BaseJdbcLogger.debug/143 : ==> Parameters: null, 110(String), aaasd@asd2a.com(String), 5f93f983524def3dca464469d2cf9f3e(String), aokai(String), 100(Byte)
2020-04-06 16:22:15,147 DEBUG 17272 --- [http-nio-8081-exec-1] org.apache.ibatis.logging.jdbc.BaseJdbcLogger.debug/143 : <==    Updates: 1
2020-04-06 16:23:23,253 DEBUG 17272 --- [http-nio-8081-exec-3] org.apache.ibatis.logging.jdbc.BaseJdbcLogger.debug/143 : ==>  Preparing: select * from admin where account = ? and password = ? 
2020-04-06 16:23:23,254 DEBUG 17272 --- [http-nio-8081-exec-3] org.apache.ibatis.logging.jdbc.BaseJdbcLogger.debug/143 : ==> Parameters: 110(String), 5f93f983524def3dca464469d2cf9f3e(String)
2020-04-06 16:23:23,287 DEBUG 17272 --- [http-nio-8081-exec-3] org.apache.ibatis.logging.jdbc.BaseJdbcLogger.debug/143 : <==      Total: 0
2020-04-06 16:23:56,246 DEBUG 17272 --- [http-nio-8081-exec-4] org.apache.ibatis.logging.jdbc.BaseJdbcLogger.debug/143 : ==>  Preparing: select * from patient where account = ? and password = ? 
2020-04-06 16:23:56,247 DEBUG 17272 --- [http-nio-8081-exec-4] org.apache.ibatis.logging.jdbc.BaseJdbcLogger.debug/143 : ==> Parameters: 110(String), 5f93f983524def3dca464469d2cf9f3e(String)
2020-04-06 16:23:56,282 DEBUG 17272 --- [http-nio-8081-exec-4] org.apache.ibatis.logging.jdbc.BaseJdbcLogger.debug/143 : <==      Total: 1
2020-04-06 16:23:56,299 ERROR 17272 --- [http-nio-8081-exec-4] org.apache.juli.logging.DirectJDKLog.log/175 : Servlet.service() for servlet [dispatcherServlet] in context with path [] threw exception [Request processing failed; nested exception is java.lang.NullPointerException] with root cause
java.lang.NullPointerException: null
	at com.aokai.hospital.service.Impl.UserServiceImpl.checkUser(UserServiceImpl.java:68)
	at com.aokai.hospital.controller.UserController.login(UserController.java:51)
	at sun.reflect.NativeMethodAccessorImpl.invoke0(Native Method)
	at sun.reflect.NativeMethodAccessorImpl.invoke(NativeMethodAccessorImpl.java:62)
	at sun.reflect.DelegatingMethodAccessorImpl.invoke(DelegatingMethodAccessorImpl.java:43)
	at java.lang.reflect.Method.invoke(Method.java:498)
	at org.springframework.web.method.support.InvocableHandlerMethod.doInvoke(InvocableHandlerMethod.java:190)
	at org.springframework.web.method.support.InvocableHandlerMethod.invokeForRequest(InvocableHandlerMethod.java:138)
	at org.springframework.web.servlet.mvc.method.annotation.ServletInvocableHandlerMethod.invokeAndHandle(ServletInvocableHandlerMethod.java:105)
	at org.springframework.web.servlet.mvc.method.annotation.RequestMappingHandlerAdapter.invokeHandlerMethod(RequestMappingHandlerAdapter.java:879)
	at org.springframework.web.servlet.mvc.method.annotation.RequestMappingHandlerAdapter.handleInternal(RequestMappingHandlerAdapter.java:793)
	at org.springframework.web.servlet.mvc.method.AbstractHandlerMethodAdapter.handle(AbstractHandlerMethodAdapter.java:87)
	at org.springframework.web.servlet.DispatcherServlet.doDispatch(DispatcherServlet.java:1040)
	at org.springframework.web.servlet.DispatcherServlet.doService(DispatcherServlet.java:943)
	at org.springframework.web.servlet.FrameworkServlet.processRequest(FrameworkServlet.java:1006)
	at org.springframework.web.servlet.FrameworkServlet.doPost(FrameworkServlet.java:909)
	at javax.servlet.http.HttpServlet.service(HttpServlet.java:660)
	at org.springframework.web.servlet.FrameworkServlet.service(FrameworkServlet.java:883)
	at javax.servlet.http.HttpServlet.service(HttpServlet.java:741)
	at org.apache.catalina.core.ApplicationFilterChain.internalDoFilter(ApplicationFilterChain.java:231)
	at org.apache.catalina.core.ApplicationFilterChain.doFilter(ApplicationFilterChain.java:166)
	at org.apache.tomcat.websocket.server.WsFilter.doFilter(WsFilter.java:53)
	at org.apache.catalina.core.ApplicationFilterChain.internalDoFilter(ApplicationFilterChain.java:193)
	at org.apache.catalina.core.ApplicationFilterChain.doFilter(ApplicationFilterChain.java:166)
	at org.springframework.web.filter.RequestContextFilter.doFilterInternal(RequestContextFilter.java:100)
	at org.springframework.web.filter.OncePerRequestFilter.doFilter(OncePerRequestFilter.java:119)
	at org.apache.catalina.core.ApplicationFilterChain.internalDoFilter(ApplicationFilterChain.java:193)
	at org.apache.catalina.core.ApplicationFilterChain.doFilter(ApplicationFilterChain.java:166)
	at org.springframework.web.filter.FormContentFilter.doFilterInternal(FormContentFilter.java:93)
	at org.springframework.web.filter.OncePerRequestFilter.doFilter(OncePerRequestFilter.java:119)
	at org.apache.catalina.core.ApplicationFilterChain.internalDoFilter(ApplicationFilterChain.java:193)
	at org.apache.catalina.core.ApplicationFilterChain.doFilter(ApplicationFilterChain.java:166)
	at org.springframework.web.filter.CharacterEncodingFilter.doFilterInternal(CharacterEncodingFilter.java:201)
	at org.springframework.web.filter.OncePerRequestFilter.doFilter(OncePerRequestFilter.java:119)
	at org.apache.catalina.core.ApplicationFilterChain.internalDoFilter(ApplicationFilterChain.java:193)
	at org.apache.catalina.core.ApplicationFilterChain.doFilter(ApplicationFilterChain.java:166)
	at org.apache.catalina.core.StandardWrapperValve.invoke(StandardWrapperValve.java:202)
	at org.apache.catalina.core.StandardContextValve.invoke(StandardContextValve.java:96)
	at org.apache.catalina.authenticator.AuthenticatorBase.invoke(AuthenticatorBase.java:541)
	at org.apache.catalina.core.StandardHostValve.invoke(StandardHostValve.java:139)
	at org.apache.catalina.valves.ErrorReportValve.invoke(ErrorReportValve.java:92)
	at org.apache.catalina.core.StandardEngineValve.invoke(StandardEngineValve.java:74)
	at org.apache.catalina.connector.CoyoteAdapter.service(CoyoteAdapter.java:343)
	at org.apache.coyote.http11.Http11Processor.service(Http11Processor.java:373)
	at org.apache.coyote.AbstractProcessorLight.process(AbstractProcessorLight.java:65)
	at org.apache.coyote.AbstractProtocol$ConnectionHandler.process(AbstractProtocol.java:868)
	at org.apache.tomcat.util.net.NioEndpoint$SocketProcessor.doRun(NioEndpoint.java:1594)
	at org.apache.tomcat.util.net.SocketProcessorBase.run(SocketProcessorBase.java:49)
	at java.util.concurrent.ThreadPoolExecutor.runWorker(ThreadPoolExecutor.java:1149)
	at java.util.concurrent.ThreadPoolExecutor$Worker.run(ThreadPoolExecutor.java:624)
	at org.apache.tomcat.util.threads.TaskThread$WrappingRunnable.run(TaskThread.java:61)
	at java.lang.Thread.run(Thread.java:748)
2020-04-06 16:25:10,609 DEBUG 17272 --- [http-nio-8081-exec-5] org.apache.ibatis.logging.jdbc.BaseJdbcLogger.debug/143 : ==>  Preparing: select * from patient where account = ? and password = ? 
2020-04-06 16:25:10,610 DEBUG 17272 --- [http-nio-8081-exec-5] org.apache.ibatis.logging.jdbc.BaseJdbcLogger.debug/143 : ==> Parameters: 110(String), 5f93f983524def3dca464469d2cf9f3e(String)
2020-04-06 16:25:10,644 DEBUG 17272 --- [http-nio-8081-exec-5] org.apache.ibatis.logging.jdbc.BaseJdbcLogger.debug/143 : <==      Total: 1
2020-04-06 16:26:03,639 WARN  17272 --- [HikariPool-1 housekeeper] com.zaxxer.hikari.pool.HikariPool$HouseKeeper.run/779 : HikariPool-1 - Thread starvation or clock leap detected (housekeeper delta=53s400ms180µs600ns).
2020-04-06 16:26:03,640 ERROR 17272 --- [http-nio-8081-exec-5] org.apache.juli.logging.DirectJDKLog.log/175 : Servlet.service() for servlet [dispatcherServlet] in context with path [] threw exception [Request processing failed; nested exception is java.lang.NullPointerException] with root cause
java.lang.NullPointerException: null
	at com.aokai.hospital.service.Impl.UserServiceImpl.checkUser(UserServiceImpl.java:68)
	at com.aokai.hospital.controller.UserController.login(UserController.java:51)
	at sun.reflect.NativeMethodAccessorImpl.invoke0(Native Method)
	at sun.reflect.NativeMethodAccessorImpl.invoke(NativeMethodAccessorImpl.java:62)
	at sun.reflect.DelegatingMethodAccessorImpl.invoke(DelegatingMethodAccessorImpl.java:43)
	at java.lang.reflect.Method.invoke(Method.java:498)
	at org.springframework.web.method.support.InvocableHandlerMethod.doInvoke(InvocableHandlerMethod.java:190)
	at org.springframework.web.method.support.InvocableHandlerMethod.invokeForRequest(InvocableHandlerMethod.java:138)
	at org.springframework.web.servlet.mvc.method.annotation.ServletInvocableHandlerMethod.invokeAndHandle(ServletInvocableHandlerMethod.java:105)
	at org.springframework.web.servlet.mvc.method.annotation.RequestMappingHandlerAdapter.invokeHandlerMethod(RequestMappingHandlerAdapter.java:879)
	at org.springframework.web.servlet.mvc.method.annotation.RequestMappingHandlerAdapter.handleInternal(RequestMappingHandlerAdapter.java:793)
	at org.springframework.web.servlet.mvc.method.AbstractHandlerMethodAdapter.handle(AbstractHandlerMethodAdapter.java:87)
	at org.springframework.web.servlet.DispatcherServlet.doDispatch(DispatcherServlet.java:1040)
	at org.springframework.web.servlet.DispatcherServlet.doService(DispatcherServlet.java:943)
	at org.springframework.web.servlet.FrameworkServlet.processRequest(FrameworkServlet.java:1006)
	at org.springframework.web.servlet.FrameworkServlet.doPost(FrameworkServlet.java:909)
	at javax.servlet.http.HttpServlet.service(HttpServlet.java:660)
	at org.springframework.web.servlet.FrameworkServlet.service(FrameworkServlet.java:883)
	at javax.servlet.http.HttpServlet.service(HttpServlet.java:741)
	at org.apache.catalina.core.ApplicationFilterChain.internalDoFilter(ApplicationFilterChain.java:231)
	at org.apache.catalina.core.ApplicationFilterChain.doFilter(ApplicationFilterChain.java:166)
	at org.apache.tomcat.websocket.server.WsFilter.doFilter(WsFilter.java:53)
	at org.apache.catalina.core.ApplicationFilterChain.internalDoFilter(ApplicationFilterChain.java:193)
	at org.apache.catalina.core.ApplicationFilterChain.doFilter(ApplicationFilterChain.java:166)
	at org.springframework.web.filter.RequestContextFilter.doFilterInternal(RequestContextFilter.java:100)
	at org.springframework.web.filter.OncePerRequestFilter.doFilter(OncePerRequestFilter.java:119)
	at org.apache.catalina.core.ApplicationFilterChain.internalDoFilter(ApplicationFilterChain.java:193)
	at org.apache.catalina.core.ApplicationFilterChain.doFilter(ApplicationFilterChain.java:166)
	at org.springframework.web.filter.FormContentFilter.doFilterInternal(FormContentFilter.java:93)
	at org.springframework.web.filter.OncePerRequestFilter.doFilter(OncePerRequestFilter.java:119)
	at org.apache.catalina.core.ApplicationFilterChain.internalDoFilter(ApplicationFilterChain.java:193)
	at org.apache.catalina.core.ApplicationFilterChain.doFilter(ApplicationFilterChain.java:166)
	at org.springframework.web.filter.CharacterEncodingFilter.doFilterInternal(CharacterEncodingFilter.java:201)
	at org.springframework.web.filter.OncePerRequestFilter.doFilter(OncePerRequestFilter.java:119)
	at org.apache.catalina.core.ApplicationFilterChain.internalDoFilter(ApplicationFilterChain.java:193)
	at org.apache.catalina.core.ApplicationFilterChain.doFilter(ApplicationFilterChain.java:166)
	at org.apache.catalina.core.StandardWrapperValve.invoke(StandardWrapperValve.java:202)
	at org.apache.catalina.core.StandardContextValve.invoke(StandardContextValve.java:96)
	at org.apache.catalina.authenticator.AuthenticatorBase.invoke(AuthenticatorBase.java:541)
	at org.apache.catalina.core.StandardHostValve.invoke(StandardHostValve.java:139)
	at org.apache.catalina.valves.ErrorReportValve.invoke(ErrorReportValve.java:92)
	at org.apache.catalina.core.StandardEngineValve.invoke(StandardEngineValve.java:74)
	at org.apache.catalina.connector.CoyoteAdapter.service(CoyoteAdapter.java:343)
	at org.apache.coyote.http11.Http11Processor.service(Http11Processor.java:373)
	at org.apache.coyote.AbstractProcessorLight.process(AbstractProcessorLight.java:65)
	at org.apache.coyote.AbstractProtocol$ConnectionHandler.process(AbstractProtocol.java:868)
	at org.apache.tomcat.util.net.NioEndpoint$SocketProcessor.doRun(NioEndpoint.java:1594)
	at org.apache.tomcat.util.net.SocketProcessorBase.run(SocketProcessorBase.java:49)
	at java.util.concurrent.ThreadPoolExecutor.runWorker(ThreadPoolExecutor.java:1149)
	at java.util.concurrent.ThreadPoolExecutor$Worker.run(ThreadPoolExecutor.java:624)
	at org.apache.tomcat.util.threads.TaskThread$WrappingRunnable.run(TaskThread.java:61)
	at java.lang.Thread.run(Thread.java:748)
2020-04-06 16:26:05,872 DEBUG 17272 --- [http-nio-8081-exec-6] org.apache.ibatis.logging.jdbc.BaseJdbcLogger.debug/143 : ==>  Preparing: select * from patient where account = ? and password = ? 
2020-04-06 16:26:05,873 DEBUG 17272 --- [http-nio-8081-exec-6] org.apache.ibatis.logging.jdbc.BaseJdbcLogger.debug/143 : ==> Parameters: 110(String), 5f93f983524def3dca464469d2cf9f3e(String)
2020-04-06 16:26:05,905 DEBUG 17272 --- [http-nio-8081-exec-6] org.apache.ibatis.logging.jdbc.BaseJdbcLogger.debug/143 : <==      Total: 1
2020-04-06 16:27:22,997 WARN  17272 --- [HikariPool-1 housekeeper] com.zaxxer.hikari.pool.HikariPool$HouseKeeper.run/779 : HikariPool-1 - Thread starvation or clock leap detected (housekeeper delta=1m19s358ms548µs).
2020-04-06 16:27:22,999 ERROR 17272 --- [http-nio-8081-exec-6] org.apache.juli.logging.DirectJDKLog.log/175 : Servlet.service() for servlet [dispatcherServlet] in context with path [] threw exception [Request processing failed; nested exception is java.lang.NullPointerException] with root cause
java.lang.NullPointerException: null
	at com.aokai.hospital.service.Impl.UserServiceImpl.checkUser(UserServiceImpl.java:68)
	at com.aokai.hospital.controller.UserController.login(UserController.java:51)
	at sun.reflect.NativeMethodAccessorImpl.invoke0(Native Method)
	at sun.reflect.NativeMethodAccessorImpl.invoke(NativeMethodAccessorImpl.java:62)
	at sun.reflect.DelegatingMethodAccessorImpl.invoke(DelegatingMethodAccessorImpl.java:43)
	at java.lang.reflect.Method.invoke(Method.java:498)
	at org.springframework.web.method.support.InvocableHandlerMethod.doInvoke(InvocableHandlerMethod.java:190)
	at org.springframework.web.method.support.InvocableHandlerMethod.invokeForRequest(InvocableHandlerMethod.java:138)
	at org.springframework.web.servlet.mvc.method.annotation.ServletInvocableHandlerMethod.invokeAndHandle(ServletInvocableHandlerMethod.java:105)
	at org.springframework.web.servlet.mvc.method.annotation.RequestMappingHandlerAdapter.invokeHandlerMethod(RequestMappingHandlerAdapter.java:879)
	at org.springframework.web.servlet.mvc.method.annotation.RequestMappingHandlerAdapter.handleInternal(RequestMappingHandlerAdapter.java:793)
	at org.springframework.web.servlet.mvc.method.AbstractHandlerMethodAdapter.handle(AbstractHandlerMethodAdapter.java:87)
	at org.springframework.web.servlet.DispatcherServlet.doDispatch(DispatcherServlet.java:1040)
	at org.springframework.web.servlet.DispatcherServlet.doService(DispatcherServlet.java:943)
	at org.springframework.web.servlet.FrameworkServlet.processRequest(FrameworkServlet.java:1006)
	at org.springframework.web.servlet.FrameworkServlet.doPost(FrameworkServlet.java:909)
	at javax.servlet.http.HttpServlet.service(HttpServlet.java:660)
	at org.springframework.web.servlet.FrameworkServlet.service(FrameworkServlet.java:883)
	at javax.servlet.http.HttpServlet.service(HttpServlet.java:741)
	at org.apache.catalina.core.ApplicationFilterChain.internalDoFilter(ApplicationFilterChain.java:231)
	at org.apache.catalina.core.ApplicationFilterChain.doFilter(ApplicationFilterChain.java:166)
	at org.apache.tomcat.websocket.server.WsFilter.doFilter(WsFilter.java:53)
	at org.apache.catalina.core.ApplicationFilterChain.internalDoFilter(ApplicationFilterChain.java:193)
	at org.apache.catalina.core.ApplicationFilterChain.doFilter(ApplicationFilterChain.java:166)
	at org.springframework.web.filter.RequestContextFilter.doFilterInternal(RequestContextFilter.java:100)
	at org.springframework.web.filter.OncePerRequestFilter.doFilter(OncePerRequestFilter.java:119)
	at org.apache.catalina.core.ApplicationFilterChain.internalDoFilter(ApplicationFilterChain.java:193)
	at org.apache.catalina.core.ApplicationFilterChain.doFilter(ApplicationFilterChain.java:166)
	at org.springframework.web.filter.FormContentFilter.doFilterInternal(FormContentFilter.java:93)
	at org.springframework.web.filter.OncePerRequestFilter.doFilter(OncePerRequestFilter.java:119)
	at org.apache.catalina.core.ApplicationFilterChain.internalDoFilter(ApplicationFilterChain.java:193)
	at org.apache.catalina.core.ApplicationFilterChain.doFilter(ApplicationFilterChain.java:166)
	at org.springframework.web.filter.CharacterEncodingFilter.doFilterInternal(CharacterEncodingFilter.java:201)
	at org.springframework.web.filter.OncePerRequestFilter.doFilter(OncePerRequestFilter.java:119)
	at org.apache.catalina.core.ApplicationFilterChain.internalDoFilter(ApplicationFilterChain.java:193)
	at org.apache.catalina.core.ApplicationFilterChain.doFilter(ApplicationFilterChain.java:166)
	at org.apache.catalina.core.StandardWrapperValve.invoke(StandardWrapperValve.java:202)
	at org.apache.catalina.core.StandardContextValve.invoke(StandardContextValve.java:96)
	at org.apache.catalina.authenticator.AuthenticatorBase.invoke(AuthenticatorBase.java:541)
	at org.apache.catalina.core.StandardHostValve.invoke(StandardHostValve.java:139)
	at org.apache.catalina.valves.ErrorReportValve.invoke(ErrorReportValve.java:92)
	at org.apache.catalina.core.StandardEngineValve.invoke(StandardEngineValve.java:74)
	at org.apache.catalina.connector.CoyoteAdapter.service(CoyoteAdapter.java:343)
	at org.apache.coyote.http11.Http11Processor.service(Http11Processor.java:373)
	at org.apache.coyote.AbstractProcessorLight.process(AbstractProcessorLight.java:65)
	at org.apache.coyote.AbstractProtocol$ConnectionHandler.process(AbstractProtocol.java:868)
	at org.apache.tomcat.util.net.NioEndpoint$SocketProcessor.doRun(NioEndpoint.java:1594)
	at org.apache.tomcat.util.net.SocketProcessorBase.run(SocketProcessorBase.java:49)
	at java.util.concurrent.ThreadPoolExecutor.runWorker(ThreadPoolExecutor.java:1149)
	at java.util.concurrent.ThreadPoolExecutor$Worker.run(ThreadPoolExecutor.java:624)
	at org.apache.tomcat.util.threads.TaskThread$WrappingRunnable.run(TaskThread.java:61)
	at java.lang.Thread.run(Thread.java:748)
2020-04-06 16:27:23,059 INFO  17272 --- [SpringContextShutdownHook] org.springframework.scheduling.concurrent.ExecutorConfigurationSupport.shutdown/218 : Shutting down ExecutorService 'applicationTaskExecutor'
2020-04-06 16:27:23,061 INFO  17272 --- [SpringContextShutdownHook] com.zaxxer.hikari.HikariDataSource.close/350 : HikariPool-1 - Shutdown initiated...
2020-04-06 16:27:23,077 INFO  17272 --- [SpringContextShutdownHook] com.zaxxer.hikari.HikariDataSource.close/352 : HikariPool-1 - Shutdown completed.
2020-04-06 16:27:29,465 INFO  18824 --- [main] org.springframework.boot.StartupInfoLogger.logStarting/55 : Starting HospitalApplication on DESKTOP-HQCJC2V with PID 18824 (D:\IDEAWork\hospital\target\classes started by lenovo in D:\IDEAWork\hospital)
2020-04-06 16:27:29,470 INFO  18824 --- [main] org.springframework.boot.SpringApplication.logStartupProfileInfo/651 : No active profile set, falling back to default profiles: default
2020-04-06 16:27:30,379 WARN  18824 --- [main] org.mybatis.logging.Logger.warn/44 : No MyBatis mapper was found in '[com.aokai.hospital]' package. Please check your configuration.
2020-04-06 16:27:30,859 INFO  18824 --- [main] org.springframework.boot.web.embedded.tomcat.TomcatWebServer.initialize/92 : Tomcat initialized with port(s): 8081 (http)
2020-04-06 16:27:30,870 INFO  18824 --- [main] org.apache.juli.logging.DirectJDKLog.log/173 : Initializing ProtocolHandler ["http-nio-8081"]
2020-04-06 16:27:30,871 INFO  18824 --- [main] org.apache.juli.logging.DirectJDKLog.log/173 : Starting service [Tomcat]
2020-04-06 16:27:30,872 INFO  18824 --- [main] org.apache.juli.logging.DirectJDKLog.log/173 : Starting Servlet engine: [Apache Tomcat/9.0.33]
2020-04-06 16:27:30,990 INFO  18824 --- [main] org.apache.juli.logging.DirectJDKLog.log/173 : Initializing Spring embedded WebApplicationContext
2020-04-06 16:27:30,991 INFO  18824 --- [main] org.springframework.boot.web.servlet.context.ServletWebServerApplicationContext.prepareWebApplicationContext/284 : Root WebApplicationContext: initialization completed in 1389 ms
2020-04-06 16:27:31,843 INFO  18824 --- [main] org.springframework.scheduling.concurrent.ExecutorConfigurationSupport.initialize/181 : Initializing ExecutorService 'applicationTaskExecutor'
2020-04-06 16:27:32,036 INFO  18824 --- [main] tk.mybatis.mapper.autoconfigure.MapperCacheDisabler.removeStaticCache/60 : Clear tk.mybatis.mapper.util.MsUtil CLASS_CACHE cache.
2020-04-06 16:27:32,037 INFO  18824 --- [main] tk.mybatis.mapper.autoconfigure.MapperCacheDisabler.removeStaticCache/60 : Clear tk.mybatis.mapper.genid.GenIdUtil CACHE cache.
2020-04-06 16:27:32,039 INFO  18824 --- [main] tk.mybatis.mapper.autoconfigure.MapperCacheDisabler.removeStaticCache/60 : Clear tk.mybatis.mapper.version.VersionUtil CACHE cache.
2020-04-06 16:27:32,039 INFO  18824 --- [main] tk.mybatis.mapper.autoconfigure.MapperCacheDisabler.removeEntityHelperCache/83 : Clear EntityHelper entityTableMap cache.
2020-04-06 16:27:32,149 INFO  18824 --- [main] org.apache.juli.logging.DirectJDKLog.log/173 : Starting ProtocolHandler ["http-nio-8081"]
2020-04-06 16:27:32,179 INFO  18824 --- [main] org.springframework.boot.web.embedded.tomcat.TomcatWebServer.start/204 : Tomcat started on port(s): 8081 (http) with context path ''
2020-04-06 16:27:32,184 INFO  18824 --- [main] org.springframework.boot.StartupInfoLogger.logStarted/61 : Started HospitalApplication in 3.433 seconds (JVM running for 4.552)
2020-04-06 16:27:41,644 INFO  18824 --- [http-nio-8081-exec-2] org.apache.juli.logging.DirectJDKLog.log/173 : Initializing Spring DispatcherServlet 'dispatcherServlet'
2020-04-06 16:27:41,645 INFO  18824 --- [http-nio-8081-exec-2] org.springframework.web.servlet.FrameworkServlet.initServletBean/525 : Initializing Servlet 'dispatcherServlet'
2020-04-06 16:27:41,654 INFO  18824 --- [http-nio-8081-exec-2] org.springframework.web.servlet.FrameworkServlet.initServletBean/547 : Completed initialization in 9 ms
2020-04-06 16:27:42,039 INFO  18824 --- [http-nio-8081-exec-2] com.zaxxer.hikari.HikariDataSource.getConnection/110 : HikariPool-1 - Starting...
2020-04-06 16:27:42,582 INFO  18824 --- [http-nio-8081-exec-2] com.zaxxer.hikari.HikariDataSource.getConnection/123 : HikariPool-1 - Start completed.
2020-04-06 16:27:42,592 DEBUG 18824 --- [http-nio-8081-exec-2] org.apache.ibatis.logging.jdbc.BaseJdbcLogger.debug/143 : ==>  Preparing: select * from patient where account = ? and password = ? 
2020-04-06 16:27:42,624 DEBUG 18824 --- [http-nio-8081-exec-2] org.apache.ibatis.logging.jdbc.BaseJdbcLogger.debug/143 : ==> Parameters: 110(String), 5f93f983524def3dca464469d2cf9f3e(String)
2020-04-06 16:27:42,679 DEBUG 18824 --- [http-nio-8081-exec-2] org.apache.ibatis.logging.jdbc.BaseJdbcLogger.debug/143 : <==      Total: 1
2020-04-06 16:29:34,511 INFO  18824 --- [SpringContextShutdownHook] org.springframework.scheduling.concurrent.ExecutorConfigurationSupport.shutdown/218 : Shutting down ExecutorService 'applicationTaskExecutor'
2020-04-06 16:29:34,513 INFO  18824 --- [SpringContextShutdownHook] com.zaxxer.hikari.HikariDataSource.close/350 : HikariPool-1 - Shutdown initiated...
2020-04-06 16:29:34,523 INFO  18824 --- [SpringContextShutdownHook] com.zaxxer.hikari.HikariDataSource.close/352 : HikariPool-1 - Shutdown completed.
2020-04-06 16:29:39,643 INFO  4208 --- [main] org.springframework.boot.StartupInfoLogger.logStarting/55 : Starting HospitalApplication on DESKTOP-HQCJC2V with PID 4208 (D:\IDEAWork\hospital\target\classes started by lenovo in D:\IDEAWork\hospital)
2020-04-06 16:29:39,649 INFO  4208 --- [main] org.springframework.boot.SpringApplication.logStartupProfileInfo/651 : No active profile set, falling back to default profiles: default
2020-04-06 16:29:40,766 WARN  4208 --- [main] org.mybatis.logging.Logger.warn/44 : No MyBatis mapper was found in '[com.aokai.hospital]' package. Please check your configuration.
2020-04-06 16:29:41,208 INFO  4208 --- [main] org.springframework.boot.web.embedded.tomcat.TomcatWebServer.initialize/92 : Tomcat initialized with port(s): 8081 (http)
2020-04-06 16:29:41,219 INFO  4208 --- [main] org.apache.juli.logging.DirectJDKLog.log/173 : Initializing ProtocolHandler ["http-nio-8081"]
2020-04-06 16:29:41,220 INFO  4208 --- [main] org.apache.juli.logging.DirectJDKLog.log/173 : Starting service [Tomcat]
2020-04-06 16:29:41,220 INFO  4208 --- [main] org.apache.juli.logging.DirectJDKLog.log/173 : Starting Servlet engine: [Apache Tomcat/9.0.33]
2020-04-06 16:29:41,347 INFO  4208 --- [main] org.apache.juli.logging.DirectJDKLog.log/173 : Initializing Spring embedded WebApplicationContext
2020-04-06 16:29:41,347 INFO  4208 --- [main] org.springframework.boot.web.servlet.context.ServletWebServerApplicationContext.prepareWebApplicationContext/284 : Root WebApplicationContext: initialization completed in 1622 ms
2020-04-06 16:29:42,309 INFO  4208 --- [main] org.springframework.scheduling.concurrent.ExecutorConfigurationSupport.initialize/181 : Initializing ExecutorService 'applicationTaskExecutor'
2020-04-06 16:29:42,440 INFO  4208 --- [main] tk.mybatis.mapper.autoconfigure.MapperCacheDisabler.removeStaticCache/60 : Clear tk.mybatis.mapper.util.MsUtil CLASS_CACHE cache.
2020-04-06 16:29:42,441 INFO  4208 --- [main] tk.mybatis.mapper.autoconfigure.MapperCacheDisabler.removeStaticCache/60 : Clear tk.mybatis.mapper.genid.GenIdUtil CACHE cache.
2020-04-06 16:29:42,442 INFO  4208 --- [main] tk.mybatis.mapper.autoconfigure.MapperCacheDisabler.removeStaticCache/60 : Clear tk.mybatis.mapper.version.VersionUtil CACHE cache.
2020-04-06 16:29:42,442 INFO  4208 --- [main] tk.mybatis.mapper.autoconfigure.MapperCacheDisabler.removeEntityHelperCache/83 : Clear EntityHelper entityTableMap cache.
2020-04-06 16:29:42,571 INFO  4208 --- [main] org.apache.juli.logging.DirectJDKLog.log/173 : Starting ProtocolHandler ["http-nio-8081"]
2020-04-06 16:29:42,610 INFO  4208 --- [main] org.springframework.boot.web.embedded.tomcat.TomcatWebServer.start/204 : Tomcat started on port(s): 8081 (http) with context path ''
2020-04-06 16:29:42,615 INFO  4208 --- [main] org.springframework.boot.StartupInfoLogger.logStarted/61 : Started HospitalApplication in 3.799 seconds (JVM running for 5.117)
2020-04-06 17:55:37,735 INFO  4208 --- [SpringContextShutdownHook] org.springframework.scheduling.concurrent.ExecutorConfigurationSupport.shutdown/218 : Shutting down ExecutorService 'applicationTaskExecutor'
2020-04-06 17:56:02,402 INFO  12228 --- [main] org.springframework.boot.StartupInfoLogger.logStarting/55 : Starting HospitalApplication on DESKTOP-HQCJC2V with PID 12228 (D:\IDEAWork\hospital\target\classes started by lenovo in D:\IDEAWork\hospital)
2020-04-06 17:56:02,420 INFO  12228 --- [main] org.springframework.boot.SpringApplication.logStartupProfileInfo/651 : No active profile set, falling back to default profiles: default
2020-04-06 17:56:06,018 WARN  12228 --- [main] org.mybatis.logging.Logger.warn/44 : No MyBatis mapper was found in '[com.aokai.hospital]' package. Please check your configuration.
2020-04-06 17:56:07,568 INFO  12228 --- [main] org.springframework.boot.web.embedded.tomcat.TomcatWebServer.initialize/92 : Tomcat initialized with port(s): 8002 (http)
2020-04-06 17:56:07,596 INFO  12228 --- [main] org.apache.juli.logging.DirectJDKLog.log/173 : Initializing ProtocolHandler ["http-nio-8002"]
2020-04-06 17:56:07,598 INFO  12228 --- [main] org.apache.juli.logging.DirectJDKLog.log/173 : Starting service [Tomcat]
2020-04-06 17:56:07,598 INFO  12228 --- [main] org.apache.juli.logging.DirectJDKLog.log/173 : Starting Servlet engine: [Apache Tomcat/9.0.33]
2020-04-06 17:56:07,960 INFO  12228 --- [main] org.apache.juli.logging.DirectJDKLog.log/173 : Initializing Spring embedded WebApplicationContext
2020-04-06 17:56:07,961 INFO  12228 --- [main] org.springframework.boot.web.servlet.context.ServletWebServerApplicationContext.prepareWebApplicationContext/284 : Root WebApplicationContext: initialization completed in 4983 ms
2020-04-06 17:56:10,076 INFO  12228 --- [main] org.springframework.scheduling.concurrent.ExecutorConfigurationSupport.initialize/181 : Initializing ExecutorService 'applicationTaskExecutor'
2020-04-06 17:56:10,234 INFO  12228 --- [main] tk.mybatis.mapper.autoconfigure.MapperCacheDisabler.removeStaticCache/60 : Clear tk.mybatis.mapper.util.MsUtil CLASS_CACHE cache.
2020-04-06 17:56:10,235 INFO  12228 --- [main] tk.mybatis.mapper.autoconfigure.MapperCacheDisabler.removeStaticCache/60 : Clear tk.mybatis.mapper.genid.GenIdUtil CACHE cache.
2020-04-06 17:56:10,236 INFO  12228 --- [main] tk.mybatis.mapper.autoconfigure.MapperCacheDisabler.removeStaticCache/60 : Clear tk.mybatis.mapper.version.VersionUtil CACHE cache.
2020-04-06 17:56:10,236 INFO  12228 --- [main] tk.mybatis.mapper.autoconfigure.MapperCacheDisabler.removeEntityHelperCache/83 : Clear EntityHelper entityTableMap cache.
2020-04-06 17:56:10,364 INFO  12228 --- [main] org.apache.juli.logging.DirectJDKLog.log/173 : Starting ProtocolHandler ["http-nio-8002"]
2020-04-06 17:56:10,393 INFO  12228 --- [main] org.springframework.boot.web.embedded.tomcat.TomcatWebServer.start/204 : Tomcat started on port(s): 8002 (http) with context path ''
2020-04-06 17:56:10,400 INFO  12228 --- [main] org.springframework.boot.StartupInfoLogger.logStarted/61 : Started HospitalApplication in 9.816 seconds (JVM running for 12.453)
